{"/home/travis/build/npmtest/node-npmtest-vtop/test.js":{"path":"/home/travis/build/npmtest/node-npmtest-vtop/test.js","s":{"1":2,"2":2,"3":2,"4":2,"5":2,"6":2,"7":2,"8":1,"9":2,"10":2,"11":1,"12":1,"13":1,"14":1,"15":2,"16":2,"17":2,"18":2,"19":1,"20":1,"21":2,"22":2,"23":2,"24":1,"25":1,"26":1,"27":1,"28":1,"29":1,"30":1,"31":1,"32":1,"33":1,"34":1,"35":1,"36":1,"37":1,"38":1,"39":2,"40":2,"41":1,"42":2,"43":2,"44":1,"45":2,"46":2,"47":1,"48":2,"49":2,"50":1,"51":1,"52":1,"53":1,"54":1},"b":{"1":[2,1,1,1],"2":[1,1,1,1],"3":[1,1],"4":[1,1],"5":[1,1],"6":[1,1],"7":[1,1],"8":[1,1],"9":[1,1],"10":[1,1,1],"11":[1,1],"12":[1,1],"13":[1,1],"14":[1,1],"15":[1,1],"16":[1,1],"17":[1,1]},"f":{"1":2,"2":2,"3":2,"4":2,"5":2,"6":1,"7":1,"8":1,"9":2,"10":2,"11":2,"12":2,"13":1},"fnMap":{"1":{"name":"(anonymous_1)","line":12,"loc":{"start":{"line":12,"column":1},"end":{"line":12,"column":13}}},"2":{"name":"(anonymous_2)","line":19,"loc":{"start":{"line":19,"column":5},"end":{"line":19,"column":17}}},"3":{"name":"(anonymous_3)","line":23,"loc":{"start":{"line":23,"column":24},"end":{"line":23,"column":36}}},"4":{"name":"(anonymous_4)","line":61,"loc":{"start":{"line":61,"column":5},"end":{"line":61,"column":17}}},"5":{"name":"(anonymous_5)","line":82,"loc":{"start":{"line":82,"column":5},"end":{"line":82,"column":17}}},"6":{"name":"(anonymous_6)","line":91,"loc":{"start":{"line":91,"column":77},"end":{"line":94,"column":10}}},"7":{"name":"(anonymous_7)","line":112,"loc":{"start":{"line":112,"column":83},"end":{"line":115,"column":10}},"skip":true},"8":{"name":"(anonymous_8)","line":123,"loc":{"start":{"line":123,"column":77},"end":{"line":126,"column":10}},"skip":true},"9":{"name":"(anonymous_9)","line":139,"loc":{"start":{"line":139,"column":12},"end":{"line":139,"column":40}},"skip":true},"10":{"name":"(anonymous_10)","line":147,"loc":{"start":{"line":147,"column":77},"end":{"line":150,"column":10}},"skip":true},"11":{"name":"(anonymous_11)","line":158,"loc":{"start":{"line":158,"column":83},"end":{"line":161,"column":10}},"skip":true},"12":{"name":"(anonymous_12)","line":169,"loc":{"start":{"line":169,"column":79},"end":{"line":172,"column":10}},"skip":true},"13":{"name":"(anonymous_13)","line":180,"loc":{"start":{"line":180,"column":75},"end":{"line":183,"column":10}},"skip":true}},"statementMap":{"1":{"start":{"line":12,"column":0},"end":{"line":195,"column":5}},"2":{"start":{"line":14,"column":4},"end":{"line":14,"column":14}},"3":{"start":{"line":19,"column":4},"end":{"line":56,"column":9}},"4":{"start":{"line":21,"column":8},"end":{"line":21,"column":19}},"5":{"start":{"line":23,"column":8},"end":{"line":35,"column":13}},"6":{"start":{"line":24,"column":12},"end":{"line":34,"column":13}},"7":{"start":{"line":25,"column":16},"end":{"line":28,"column":30}},"8":{"start":{"line":30,"column":16},"end":{"line":33,"column":27}},"9":{"start":{"line":37,"column":8},"end":{"line":39,"column":21}},"10":{"start":{"line":40,"column":8},"end":{"line":53,"column":9}},"11":{"start":{"line":43,"column":12},"end":{"line":46,"column":14}},"12":{"start":{"line":47,"column":12},"end":{"line":47,"column":18}},"13":{"start":{"line":50,"column":12},"end":{"line":51,"column":46}},"14":{"start":{"line":52,"column":12},"end":{"line":52,"column":18}},"15":{"start":{"line":55,"column":8},"end":{"line":55,"column":35}},"16":{"start":{"line":61,"column":4},"end":{"line":63,"column":9}},"17":{"start":{"line":62,"column":8},"end":{"line":62,"column":15}},"18":{"start":{"line":64,"column":4},"end":{"line":77,"column":5}},"19":{"start":{"line":70,"column":8},"end":{"line":70,"column":14}},"20":{"start":{"line":76,"column":8},"end":{"line":76,"column":14}},"21":{"start":{"line":82,"column":4},"end":{"line":84,"column":9}},"22":{"start":{"line":83,"column":8},"end":{"line":83,"column":15}},"23":{"start":{"line":85,"column":4},"end":{"line":194,"column":5}},"24":{"start":{"line":91,"column":8},"end":{"line":99,"column":10}},"25":{"start":{"line":98,"column":12},"end":{"line":98,"column":35}},"26":{"start":{"line":102,"column":8},"end":{"line":104,"column":63}},"27":{"start":{"line":105,"column":8},"end":{"line":105,"column":14}},"28":{"start":{"line":112,"column":8},"end":{"line":121,"column":10},"skip":true},"29":{"start":{"line":119,"column":12},"end":{"line":119,"column":55},"skip":true},"30":{"start":{"line":120,"column":12},"end":{"line":120,"column":48},"skip":true},"31":{"start":{"line":123,"column":8},"end":{"line":136,"column":10},"skip":true},"32":{"start":{"line":130,"column":12},"end":{"line":130,"column":76},"skip":true},"33":{"start":{"line":131,"column":12},"end":{"line":131,"column":73},"skip":true},"34":{"start":{"line":132,"column":12},"end":{"line":132,"column":74},"skip":true},"35":{"start":{"line":133,"column":12},"end":{"line":133,"column":79},"skip":true},"36":{"start":{"line":134,"column":12},"end":{"line":134,"column":25},"skip":true},"37":{"start":{"line":135,"column":12},"end":{"line":135,"column":45},"skip":true},"38":{"start":{"line":138,"column":8},"end":{"line":145,"column":14},"skip":true},"39":{"start":{"line":143,"column":16},"end":{"line":143,"column":29},"skip":true},"40":{"start":{"line":144,"column":16},"end":{"line":144,"column":55},"skip":true},"41":{"start":{"line":147,"column":8},"end":{"line":156,"column":10},"skip":true},"42":{"start":{"line":154,"column":12},"end":{"line":154,"column":25},"skip":true},"43":{"start":{"line":155,"column":12},"end":{"line":155,"column":45},"skip":true},"44":{"start":{"line":158,"column":8},"end":{"line":167,"column":10},"skip":true},"45":{"start":{"line":165,"column":12},"end":{"line":165,"column":25},"skip":true},"46":{"start":{"line":166,"column":12},"end":{"line":166,"column":48},"skip":true},"47":{"start":{"line":169,"column":8},"end":{"line":178,"column":10},"skip":true},"48":{"start":{"line":176,"column":12},"end":{"line":176,"column":25},"skip":true},"49":{"start":{"line":177,"column":12},"end":{"line":177,"column":46},"skip":true},"50":{"start":{"line":180,"column":8},"end":{"line":189,"column":10},"skip":true},"51":{"start":{"line":187,"column":12},"end":{"line":187,"column":94},"skip":true},"52":{"start":{"line":188,"column":12},"end":{"line":188,"column":48},"skip":true},"53":{"start":{"line":192,"column":8},"end":{"line":192,"column":35},"skip":true},"54":{"start":{"line":193,"column":8},"end":{"line":193,"column":14},"skip":true}},"branchMap":{"1":{"line":25,"type":"binary-expr","locations":[{"start":{"line":25,"column":23},"end":{"line":25,"column":62}},{"start":{"line":26,"column":20},"end":{"line":26,"column":70}},{"start":{"line":27,"column":20},"end":{"line":27,"column":71}},{"start":{"line":28,"column":20},"end":{"line":28,"column":29}}]},"2":{"line":30,"type":"binary-expr","locations":[{"start":{"line":30,"column":23},"end":{"line":30,"column":37}},{"start":{"line":31,"column":20},"end":{"line":31,"column":61}},{"start":{"line":32,"column":20},"end":{"line":32,"column":70}},{"start":{"line":33,"column":20},"end":{"line":33,"column":26}}]},"3":{"line":37,"type":"cond-expr","locations":[{"start":{"line":38,"column":14},"end":{"line":38,"column":20}},{"start":{"line":39,"column":14},"end":{"line":39,"column":20}}]},"4":{"line":40,"type":"switch","locations":[{"start":{"line":42,"column":8},"end":{"line":47,"column":18}},{"start":{"line":49,"column":8},"end":{"line":52,"column":18}}]},"5":{"line":44,"type":"binary-expr","locations":[{"start":{"line":44,"column":16},"end":{"line":44,"column":44}},{"start":{"line":44,"column":48},"end":{"line":44,"column":66}}]},"6":{"line":50,"type":"binary-expr","locations":[{"start":{"line":50,"column":21},"end":{"line":50,"column":49}},{"start":{"line":50,"column":53},"end":{"line":50,"column":72}}]},"7":{"line":64,"type":"switch","locations":[{"start":{"line":69,"column":4},"end":{"line":70,"column":14}},{"start":{"line":75,"column":4},"end":{"line":76,"column":14}}]},"8":{"line":85,"type":"switch","locations":[{"start":{"line":90,"column":4},"end":{"line":105,"column":14}},{"start":{"line":111,"column":4},"end":{"line":193,"column":14},"skip":true}]},"9":{"line":91,"type":"binary-expr","locations":[{"start":{"line":91,"column":42},"end":{"line":91,"column":73}},{"start":{"line":91,"column":77},"end":{"line":99,"column":9}}]},"10":{"line":102,"type":"binary-expr","locations":[{"start":{"line":102,"column":18},"end":{"line":102,"column":32}},{"start":{"line":103,"column":12},"end":{"line":103,"column":53}},{"start":{"line":104,"column":12},"end":{"line":104,"column":61}}]},"11":{"line":112,"type":"binary-expr","locations":[{"start":{"line":112,"column":45},"end":{"line":112,"column":79},"skip":true},{"start":{"line":112,"column":83},"end":{"line":121,"column":9},"skip":true}]},"12":{"line":123,"type":"binary-expr","locations":[{"start":{"line":123,"column":42},"end":{"line":123,"column":73},"skip":true},{"start":{"line":123,"column":77},"end":{"line":136,"column":9},"skip":true}]},"13":{"line":138,"type":"binary-expr","locations":[{"start":{"line":138,"column":48},"end":{"line":138,"column":85},"skip":true},{"start":{"line":139,"column":12},"end":{"line":145,"column":13},"skip":true}]},"14":{"line":147,"type":"binary-expr","locations":[{"start":{"line":147,"column":42},"end":{"line":147,"column":73},"skip":true},{"start":{"line":147,"column":77},"end":{"line":156,"column":9},"skip":true}]},"15":{"line":158,"type":"binary-expr","locations":[{"start":{"line":158,"column":45},"end":{"line":158,"column":79},"skip":true},{"start":{"line":158,"column":83},"end":{"line":167,"column":9},"skip":true}]},"16":{"line":169,"type":"binary-expr","locations":[{"start":{"line":169,"column":43},"end":{"line":169,"column":75},"skip":true},{"start":{"line":169,"column":79},"end":{"line":178,"column":9},"skip":true}]},"17":{"line":180,"type":"binary-expr","locations":[{"start":{"line":180,"column":41},"end":{"line":180,"column":71},"skip":true},{"start":{"line":180,"column":75},"end":{"line":189,"column":9},"skip":true}]}},"code":["/* istanbul instrument in package npmtest_vtop */","/*jslint","    bitwise: true,","    browser: true,","    maxerr: 8,","    maxlen: 96,","    node: true,","    nomen: true,","    regexp: true,","    stupid: true","*/","(function () {","    'use strict';","    var local;","","","","    // run shared js-env code - pre-init","    (function () {","        // init local","        local = {};","        // init modeJs","        local.modeJs = (function () {","            try {","                return typeof navigator.userAgent === 'string' &&","                    typeof document.querySelector('body') === 'object' &&","                    typeof XMLHttpRequest.prototype.open === 'function' &&","                    'browser';","            } catch (errorCaughtBrowser) {","                return module.exports &&","                    typeof process.versions.node === 'string' &&","                    typeof require('http').createServer === 'function' &&","                    'node';","            }","        }());","        // init global","        local.global = local.modeJs === 'browser'","            ? window","            : global;","        switch (local.modeJs) {","        // re-init local from window.local","        case 'browser':","            local = local.global.utility2.objectSetDefault(","                local.global.utility2_rollup || local.global.local,","                local.global.utility2","            );","            break;","        // re-init local from example.js","        case 'node':","            local = (local.global.utility2_rollup || require('utility2'))","                .requireExampleJsFromReadme();","            break;","        }","        // export local","        local.global.local = local;","    }());","","","","    // run shared js-env code - function","    (function () {","        return;","    }());","    switch (local.modeJs) {","","","","    // run browser js-env code - function","    case 'browser':","        break;","","","","    // run node js-env code - function","    case 'node':","        break;","    }","","","","    // run shared js-env code - post-init","    (function () {","        return;","    }());","    switch (local.modeJs) {","","","","    // run browser js-env code - post-init","    case 'browser':","        local.testCase_browser_nullCase = local.testCase_browser_nullCase || function (","            options,","            onError","        ) {","        /*","         * this function will test browsers's null-case handling-behavior-behavior","         */","            onError(null, options);","        };","","        // run tests","        local.nop(local.modeTest &&","            document.querySelector('#testRunButton1') &&","            document.querySelector('#testRunButton1').click());","        break;","","","","    // run node js-env code - post-init","    /* istanbul ignore next */","    case 'node':","        local.testCase_buildApidoc_default = local.testCase_buildApidoc_default || function (","            options,","            onError","        ) {","        /*","         * this function will test buildApidoc's default handling-behavior-behavior","         */","            options = { modulePathList: module.paths };","            local.buildApidoc(options, onError);","        };","","        local.testCase_buildApp_default = local.testCase_buildApp_default || function (","            options,","            onError","        ) {","        /*","         * this function will test buildApp's default handling-behavior-behavior","         */","            local.testCase_buildReadme_default(options, local.onErrorThrow);","            local.testCase_buildLib_default(options, local.onErrorThrow);","            local.testCase_buildTest_default(options, local.onErrorThrow);","            local.testCase_buildCustomOrg_default(options, local.onErrorThrow);","            options = [];","            local.buildApp(options, onError);","        };","","        local.testCase_buildCustomOrg_default = local.testCase_buildCustomOrg_default ||","            function (options, onError) {","            /*","             * this function will test buildCustomOrg's default handling-behavior","             */","                options = {};","                local.buildCustomOrg(options, onError);","            };","","        local.testCase_buildLib_default = local.testCase_buildLib_default || function (","            options,","            onError","        ) {","        /*","         * this function will test buildLib's default handling-behavior","         */","            options = {};","            local.buildLib(options, onError);","        };","","        local.testCase_buildReadme_default = local.testCase_buildReadme_default || function (","            options,","            onError","        ) {","        /*","         * this function will test buildReadme's default handling-behavior-behavior","         */","            options = {};","            local.buildReadme(options, onError);","        };","","        local.testCase_buildTest_default = local.testCase_buildTest_default || function (","            options,","            onError","        ) {","        /*","         * this function will test buildTest's default handling-behavior","         */","            options = {};","            local.buildTest(options, onError);","        };","","        local.testCase_webpage_default = local.testCase_webpage_default || function (","            options,","            onError","        ) {","        /*","         * this function will test webpage's default handling-behavior","         */","            options = { modeCoverageMerge: true, url: local.serverLocalHost + '?modeTest=1' };","            local.browserTest(options, onError);","        };","","        // run test-server","        local.testRunServer(local);","        break;","    }","}());",""],"l":{"12":2,"14":2,"19":2,"21":2,"23":2,"24":2,"25":2,"30":1,"37":2,"40":2,"43":1,"47":1,"50":1,"52":1,"55":2,"61":2,"62":2,"64":2,"70":1,"76":1,"82":2,"83":2,"85":2,"91":1,"98":1,"102":1,"105":1,"112":1,"119":1,"120":1,"123":1,"130":1,"131":1,"132":1,"133":1,"134":1,"135":1,"138":1,"143":2,"144":2,"147":1,"154":2,"155":2,"158":1,"165":2,"166":2,"169":1,"176":2,"177":2,"180":1,"187":1,"188":1,"192":1,"193":1}},"/home/travis/build/npmtest/node-npmtest-vtop/lib.npmtest_vtop.js":{"path":"/home/travis/build/npmtest/node-npmtest-vtop/lib.npmtest_vtop.js","s":{"1":2,"2":2,"3":2,"4":2,"5":2,"6":2,"7":2,"8":1,"9":2,"10":2,"11":2,"12":2,"13":1,"14":1,"15":1,"16":1},"b":{"1":[2,1,1,1],"2":[1,1,1,1],"3":[1,1],"4":[2,2],"5":[1,1]},"f":{"1":2,"2":2,"3":2},"fnMap":{"1":{"name":"(anonymous_1)","line":12,"loc":{"start":{"line":12,"column":1},"end":{"line":12,"column":13}}},"2":{"name":"(anonymous_2)","line":19,"loc":{"start":{"line":19,"column":5},"end":{"line":19,"column":17}}},"3":{"name":"(anonymous_3)","line":23,"loc":{"start":{"line":23,"column":24},"end":{"line":23,"column":36}}}},"statementMap":{"1":{"start":{"line":12,"column":0},"end":{"line":53,"column":5}},"2":{"start":{"line":14,"column":4},"end":{"line":14,"column":14}},"3":{"start":{"line":19,"column":4},"end":{"line":52,"column":9}},"4":{"start":{"line":21,"column":8},"end":{"line":21,"column":19}},"5":{"start":{"line":23,"column":8},"end":{"line":35,"column":13}},"6":{"start":{"line":24,"column":12},"end":{"line":34,"column":13}},"7":{"start":{"line":25,"column":16},"end":{"line":28,"column":30}},"8":{"start":{"line":30,"column":16},"end":{"line":33,"column":27}},"9":{"start":{"line":37,"column":8},"end":{"line":39,"column":21}},"10":{"start":{"line":41,"column":8},"end":{"line":41,"column":54}},"11":{"start":{"line":43,"column":8},"end":{"line":43,"column":49}},"12":{"start":{"line":45,"column":8},"end":{"line":51,"column":9}},"13":{"start":{"line":46,"column":12},"end":{"line":46,"column":55}},"14":{"start":{"line":48,"column":12},"end":{"line":48,"column":35}},"15":{"start":{"line":49,"column":12},"end":{"line":49,"column":49}},"16":{"start":{"line":50,"column":12},"end":{"line":50,"column":43}}},"branchMap":{"1":{"line":25,"type":"binary-expr","locations":[{"start":{"line":25,"column":23},"end":{"line":25,"column":62}},{"start":{"line":26,"column":20},"end":{"line":26,"column":70}},{"start":{"line":27,"column":20},"end":{"line":27,"column":71}},{"start":{"line":28,"column":20},"end":{"line":28,"column":29}}]},"2":{"line":30,"type":"binary-expr","locations":[{"start":{"line":30,"column":23},"end":{"line":30,"column":37}},{"start":{"line":31,"column":20},"end":{"line":31,"column":61}},{"start":{"line":32,"column":20},"end":{"line":32,"column":70}},{"start":{"line":33,"column":20},"end":{"line":33,"column":26}}]},"3":{"line":37,"type":"cond-expr","locations":[{"start":{"line":38,"column":14},"end":{"line":38,"column":20}},{"start":{"line":39,"column":14},"end":{"line":39,"column":20}}]},"4":{"line":41,"type":"binary-expr","locations":[{"start":{"line":41,"column":16},"end":{"line":41,"column":44}},{"start":{"line":41,"column":48},"end":{"line":41,"column":53}}]},"5":{"line":45,"type":"if","locations":[{"start":{"line":45,"column":8},"end":{"line":45,"column":8}},{"start":{"line":45,"column":8},"end":{"line":45,"column":8}}]}},"code":["/* istanbul instrument in package npmtest_vtop */","/*jslint","    bitwise: true,","    browser: true,","    maxerr: 8,","    maxlen: 96,","    node: true,","    nomen: true,","    regexp: true,","    stupid: true","*/","(function () {","    'use strict';","    var local;","","","","    // run shared js-env code - pre-init","    (function () {","        // init local","        local = {};","        // init modeJs","        local.modeJs = (function () {","            try {","                return typeof navigator.userAgent === 'string' &&","                    typeof document.querySelector('body') === 'object' &&","                    typeof XMLHttpRequest.prototype.open === 'function' &&","                    'browser';","            } catch (errorCaughtBrowser) {","                return module.exports &&","                    typeof process.versions.node === 'string' &&","                    typeof require('http').createServer === 'function' &&","                    'node';","            }","        }());","        // init global","        local.global = local.modeJs === 'browser'","            ? window","            : global;","        // init utility2_rollup","        local = local.global.utility2_rollup || local;","        // init lib","        local.local = local.npmtest_vtop = local;","        // init exports","        if (local.modeJs === 'browser') {","            local.global.utility2_npmtest_vtop = local;","        } else {","            module.exports = local;","            module.exports.__dirname = __dirname;","            module.exports.module = module;","        }","    }());","}());",""],"l":{"12":2,"14":2,"19":2,"21":2,"23":2,"24":2,"25":2,"30":1,"37":2,"41":2,"43":2,"45":2,"46":1,"48":1,"49":1,"50":1}},"/home/travis/build/npmtest/node-npmtest-vtop/example.js":{"path":"/home/travis/build/npmtest/node-npmtest-vtop/example.js","s":{"1":2,"2":2,"3":2,"4":2,"5":2,"6":2,"7":2,"8":1,"9":2,"10":2,"11":2,"12":2,"13":1,"14":2,"15":2,"16":2,"17":2,"18":2,"19":0,"20":2,"21":1,"22":1,"23":1,"24":1,"25":1,"26":0,"27":0,"28":1,"29":1,"30":2,"31":0,"32":0,"33":0,"34":1,"35":2,"36":2,"37":3,"38":3,"39":3,"40":3,"41":0,"42":3,"43":3,"44":3,"45":1,"46":3,"47":1,"48":1,"49":1,"50":1,"51":1,"52":1,"53":1,"54":1,"55":1,"56":1,"57":0,"58":1,"59":6,"60":6,"61":1,"62":2,"63":0,"64":2,"65":1,"66":1,"67":0,"68":0,"69":0,"70":0,"71":0,"72":0,"73":0,"74":0,"75":0,"76":0,"77":0,"78":0,"79":0,"80":0,"81":0,"82":0,"83":0},"b":{"1":[2,1,1,1],"2":[1,1,1,1],"3":[1,1],"4":[2,2],"5":[1,1],"6":[1,1],"7":[2,0],"8":[2,1,1,1,1,1],"9":[0,2,0],"10":[1,1],"11":[2,1,1],"12":[1,0],"13":[0,2],"14":[2,0,0,0,0,0,0],"15":[0,3],"16":[3,0],"17":[1,1],"18":[0,1],"19":[1,2,0,2],"20":[1,0],"21":[1,1],"22":[0,0],"23":[0,0],"24":[0,0],"25":[0,0],"26":[0,0],"27":[0,0],"28":[0,0]},"f":{"1":2,"2":2,"3":2,"4":2,"5":2,"6":2,"7":3,"8":3,"9":3,"10":1,"11":6,"12":0},"fnMap":{"1":{"name":"(anonymous_1)","line":26,"loc":{"start":{"line":26,"column":1},"end":{"line":26,"column":13}}},"2":{"name":"(anonymous_2)","line":33,"loc":{"start":{"line":33,"column":5},"end":{"line":33,"column":17}}},"3":{"name":"(anonymous_3)","line":37,"loc":{"start":{"line":37,"column":24},"end":{"line":37,"column":36}}},"4":{"name":"(anonymous_4)","line":69,"loc":{"start":{"line":69,"column":31},"end":{"line":69,"column":48}},"skip":true},"5":{"name":"(anonymous_5)","line":78,"loc":{"start":{"line":78,"column":26},"end":{"line":78,"column":45}},"skip":true},"6":{"name":"(anonymous_6)","line":123,"loc":{"start":{"line":123,"column":33},"end":{"line":123,"column":48}},"skip":true},"7":{"name":"(anonymous_7)","line":125,"loc":{"start":{"line":125,"column":27},"end":{"line":125,"column":39}},"skip":true},"8":{"name":"(anonymous_8)","line":133,"loc":{"start":{"line":133,"column":59},"end":{"line":133,"column":74}},"skip":true},"9":{"name":"(anonymous_9)","line":143,"loc":{"start":{"line":143,"column":45},"end":{"line":143,"column":62}},"skip":true},"10":{"name":"(anonymous_10)","line":144,"loc":{"start":{"line":144,"column":73},"end":{"line":144,"column":92}},"skip":true},"11":{"name":"(anonymous_11)","line":272,"loc":{"start":{"line":272,"column":51},"end":{"line":272,"column":77}},"skip":true},"12":{"name":"(anonymous_12)","line":315,"loc":{"start":{"line":315,"column":32},"end":{"line":315,"column":61}},"skip":true}},"statementMap":{"1":{"start":{"line":26,"column":0},"end":{"line":326,"column":5}},"2":{"start":{"line":28,"column":4},"end":{"line":28,"column":14}},"3":{"start":{"line":33,"column":4},"end":{"line":60,"column":9}},"4":{"start":{"line":35,"column":8},"end":{"line":35,"column":19}},"5":{"start":{"line":37,"column":8},"end":{"line":49,"column":13}},"6":{"start":{"line":38,"column":12},"end":{"line":48,"column":13}},"7":{"start":{"line":39,"column":16},"end":{"line":42,"column":30}},"8":{"start":{"line":44,"column":16},"end":{"line":47,"column":27}},"9":{"start":{"line":51,"column":8},"end":{"line":53,"column":21}},"10":{"start":{"line":55,"column":8},"end":{"line":57,"column":45}},"11":{"start":{"line":59,"column":8},"end":{"line":59,"column":35}},"12":{"start":{"line":61,"column":4},"end":{"line":325,"column":5}},"13":{"start":{"line":69,"column":8},"end":{"line":121,"column":10},"skip":true},"14":{"start":{"line":70,"column":12},"end":{"line":88,"column":13},"skip":true},"15":{"start":{"line":76,"column":16},"end":{"line":87,"column":19},"skip":true},"16":{"start":{"line":79,"column":20},"end":{"line":86,"column":21},"skip":true},"17":{"start":{"line":82,"column":24},"end":{"line":82,"column":43},"skip":true},"18":{"start":{"line":83,"column":24},"end":{"line":83,"column":30},"skip":true},"19":{"start":{"line":85,"column":24},"end":{"line":85,"column":49},"skip":true},"20":{"start":{"line":89,"column":12},"end":{"line":107,"column":13},"skip":true},"21":{"start":{"line":92,"column":16},"end":{"line":102,"column":17},"skip":true},"22":{"start":{"line":93,"column":20},"end":{"line":93,"column":86},"skip":true},"23":{"start":{"line":94,"column":20},"end":{"line":95,"column":45},"skip":true},"24":{"start":{"line":96,"column":20},"end":{"line":96,"column":42},"skip":true},"25":{"start":{"line":97,"column":20},"end":{"line":97,"column":48},"skip":true},"26":{"start":{"line":100,"column":20},"end":{"line":100,"column":85},"skip":true},"27":{"start":{"line":101,"column":20},"end":{"line":101,"column":96},"skip":true},"28":{"start":{"line":103,"column":16},"end":{"line":103,"column":22},"skip":true},"29":{"start":{"line":106,"column":16},"end":{"line":106,"column":22},"skip":true},"30":{"start":{"line":108,"column":12},"end":{"line":120,"column":13},"skip":true},"31":{"start":{"line":114,"column":16},"end":{"line":119,"column":17},"skip":true},"32":{"start":{"line":116,"column":20},"end":{"line":116,"column":78},"skip":true},"33":{"start":{"line":118,"column":20},"end":{"line":118,"column":47},"skip":true},"34":{"start":{"line":123,"column":8},"end":{"line":141,"column":11},"skip":true},"35":{"start":{"line":124,"column":12},"end":{"line":124,"column":54},"skip":true},"36":{"start":{"line":125,"column":12},"end":{"line":140,"column":14},"skip":true},"37":{"start":{"line":126,"column":16},"end":{"line":126,"column":28},"skip":true},"38":{"start":{"line":127,"column":16},"end":{"line":127,"column":69},"skip":true},"39":{"start":{"line":128,"column":16},"end":{"line":128,"column":75},"skip":true},"40":{"start":{"line":129,"column":16},"end":{"line":131,"column":17},"skip":true},"41":{"start":{"line":130,"column":20},"end":{"line":130,"column":27},"skip":true},"42":{"start":{"line":133,"column":16},"end":{"line":137,"column":36},"skip":true},"43":{"start":{"line":134,"column":20},"end":{"line":136,"column":55},"skip":true},"44":{"start":{"line":139,"column":16},"end":{"line":139,"column":57},"skip":true},"45":{"start":{"line":143,"column":8},"end":{"line":147,"column":11},"skip":true},"46":{"start":{"line":144,"column":12},"end":{"line":146,"column":15},"skip":true},"47":{"start":{"line":145,"column":16},"end":{"line":145,"column":70},"skip":true},"48":{"start":{"line":149,"column":8},"end":{"line":149,"column":31},"skip":true},"49":{"start":{"line":150,"column":8},"end":{"line":150,"column":14},"skip":true},"50":{"start":{"line":158,"column":8},"end":{"line":158,"column":31},"skip":true},"51":{"start":{"line":160,"column":8},"end":{"line":160,"column":33},"skip":true},"52":{"start":{"line":161,"column":8},"end":{"line":161,"column":37},"skip":true},"53":{"start":{"line":162,"column":8},"end":{"line":162,"column":35},"skip":true},"54":{"start":{"line":164,"column":8},"end":{"line":164,"column":50},"skip":true},"55":{"start":{"line":166,"column":8},"end":{"line":256,"column":2},"skip":true},"56":{"start":{"line":258,"column":8},"end":{"line":286,"column":9},"skip":true},"57":{"start":{"line":259,"column":12},"end":{"line":269,"column":14},"skip":true},"58":{"start":{"line":271,"column":12},"end":{"line":285,"column":19},"skip":true},"59":{"start":{"line":274,"column":20},"end":{"line":274,"column":35},"skip":true},"60":{"start":{"line":275,"column":20},"end":{"line":284,"column":21},"skip":true},"61":{"start":{"line":277,"column":24},"end":{"line":277,"column":64},"skip":true},"62":{"start":{"line":279,"column":24},"end":{"line":279,"column":40},"skip":true},"63":{"start":{"line":281,"column":24},"end":{"line":281,"column":40},"skip":true},"64":{"start":{"line":283,"column":24},"end":{"line":283,"column":39},"skip":true},"65":{"start":{"line":288,"column":8},"end":{"line":290,"column":9},"skip":true},"66":{"start":{"line":289,"column":12},"end":{"line":289,"column":18},"skip":true},"67":{"start":{"line":291,"column":8},"end":{"line":293,"column":54},"skip":true},"68":{"start":{"line":296,"column":8},"end":{"line":301,"column":37},"skip":true},"69":{"start":{"line":303,"column":8},"end":{"line":303,"column":82},"skip":true},"70":{"start":{"line":306,"column":8},"end":{"line":308,"column":9},"skip":true},"71":{"start":{"line":307,"column":12},"end":{"line":307,"column":82},"skip":true},"72":{"start":{"line":310,"column":8},"end":{"line":312,"column":9},"skip":true},"73":{"start":{"line":311,"column":12},"end":{"line":311,"column":18},"skip":true},"74":{"start":{"line":313,"column":8},"end":{"line":313,"column":54},"skip":true},"75":{"start":{"line":314,"column":8},"end":{"line":314,"column":69},"skip":true},"76":{"start":{"line":315,"column":8},"end":{"line":323,"column":36},"skip":true},"77":{"start":{"line":316,"column":12},"end":{"line":316,"column":61},"skip":true},"78":{"start":{"line":317,"column":12},"end":{"line":320,"column":13},"skip":true},"79":{"start":{"line":318,"column":16},"end":{"line":318,"column":75},"skip":true},"80":{"start":{"line":319,"column":16},"end":{"line":319,"column":23},"skip":true},"81":{"start":{"line":321,"column":12},"end":{"line":321,"column":38},"skip":true},"82":{"start":{"line":322,"column":12},"end":{"line":322,"column":27},"skip":true},"83":{"start":{"line":324,"column":8},"end":{"line":324,"column":14},"skip":true}},"branchMap":{"1":{"line":39,"type":"binary-expr","locations":[{"start":{"line":39,"column":23},"end":{"line":39,"column":62}},{"start":{"line":40,"column":20},"end":{"line":40,"column":70}},{"start":{"line":41,"column":20},"end":{"line":41,"column":71}},{"start":{"line":42,"column":20},"end":{"line":42,"column":29}}]},"2":{"line":44,"type":"binary-expr","locations":[{"start":{"line":44,"column":23},"end":{"line":44,"column":37}},{"start":{"line":45,"column":20},"end":{"line":45,"column":61}},{"start":{"line":46,"column":20},"end":{"line":46,"column":70}},{"start":{"line":47,"column":20},"end":{"line":47,"column":26}}]},"3":{"line":51,"type":"cond-expr","locations":[{"start":{"line":52,"column":14},"end":{"line":52,"column":20}},{"start":{"line":53,"column":14},"end":{"line":53,"column":20}}]},"4":{"line":55,"type":"binary-expr","locations":[{"start":{"line":55,"column":16},"end":{"line":55,"column":44}},{"start":{"line":55,"column":49},"end":{"line":57,"column":43}}]},"5":{"line":55,"type":"cond-expr","locations":[{"start":{"line":56,"column":14},"end":{"line":56,"column":48}},{"start":{"line":57,"column":14},"end":{"line":57,"column":43}}]},"6":{"line":61,"type":"switch","locations":[{"start":{"line":68,"column":4},"end":{"line":150,"column":14},"skip":true},{"start":{"line":156,"column":4},"end":{"line":324,"column":14},"skip":true}]},"7":{"line":70,"type":"if","locations":[{"start":{"line":70,"column":12},"end":{"line":70,"column":12},"skip":true},{"start":{"line":70,"column":12},"end":{"line":70,"column":12},"skip":true}]},"8":{"line":70,"type":"binary-expr","locations":[{"start":{"line":70,"column":16},"end":{"line":70,"column":22},"skip":true},{"start":{"line":70,"column":27},"end":{"line":70,"column":32},"skip":true},{"start":{"line":71,"column":20},"end":{"line":71,"column":39},"skip":true},{"start":{"line":72,"column":20},"end":{"line":72,"column":49},"skip":true},{"start":{"line":73,"column":20},"end":{"line":73,"column":58},"skip":true},{"start":{"line":74,"column":20},"end":{"line":74,"column":69},"skip":true}]},"9":{"line":79,"type":"switch","locations":[{"start":{"line":80,"column":20},"end":{"line":80,"column":33},"skip":true},{"start":{"line":81,"column":20},"end":{"line":83,"column":30},"skip":true},{"start":{"line":84,"column":20},"end":{"line":85,"column":49},"skip":true}]},"10":{"line":89,"type":"switch","locations":[{"start":{"line":90,"column":12},"end":{"line":103,"column":22},"skip":true},{"start":{"line":105,"column":12},"end":{"line":106,"column":22},"skip":true}]},"11":{"line":89,"type":"binary-expr","locations":[{"start":{"line":89,"column":20},"end":{"line":89,"column":25},"skip":true},{"start":{"line":89,"column":29},"end":{"line":89,"column":48},"skip":true},{"start":{"line":89,"column":52},"end":{"line":89,"column":74},"skip":true}]},"12":{"line":92,"type":"if","locations":[{"start":{"line":92,"column":16},"end":{"line":92,"column":16},"skip":true},{"start":{"line":92,"column":16},"end":{"line":92,"column":16},"skip":true}]},"13":{"line":108,"type":"if","locations":[{"start":{"line":108,"column":12},"end":{"line":108,"column":12},"skip":true},{"start":{"line":108,"column":12},"end":{"line":108,"column":12},"skip":true}]},"14":{"line":108,"type":"binary-expr","locations":[{"start":{"line":108,"column":16},"end":{"line":108,"column":61},"skip":true},{"start":{"line":108,"column":66},"end":{"line":108,"column":72},"skip":true},{"start":{"line":108,"column":77},"end":{"line":108,"column":82},"skip":true},{"start":{"line":109,"column":20},"end":{"line":109,"column":39},"skip":true},{"start":{"line":110,"column":20},"end":{"line":110,"column":49},"skip":true},{"start":{"line":111,"column":20},"end":{"line":111,"column":58},"skip":true},{"start":{"line":112,"column":20},"end":{"line":112,"column":68},"skip":true}]},"15":{"line":129,"type":"if","locations":[{"start":{"line":129,"column":16},"end":{"line":129,"column":16},"skip":true},{"start":{"line":129,"column":16},"end":{"line":129,"column":16},"skip":true}]},"16":{"line":134,"type":"cond-expr","locations":[{"start":{"line":135,"column":26},"end":{"line":135,"column":29},"skip":true},{"start":{"line":136,"column":26},"end":{"line":136,"column":54},"skip":true}]},"17":{"line":164,"type":"binary-expr","locations":[{"start":{"line":164,"column":27},"end":{"line":164,"column":43},"skip":true},{"start":{"line":164,"column":47},"end":{"line":164,"column":49},"skip":true}]},"18":{"line":258,"type":"if","locations":[{"start":{"line":258,"column":8},"end":{"line":258,"column":8},"skip":true},{"start":{"line":258,"column":8},"end":{"line":258,"column":8},"skip":true}]},"19":{"line":275,"type":"switch","locations":[{"start":{"line":276,"column":20},"end":{"line":277,"column":64},"skip":true},{"start":{"line":278,"column":20},"end":{"line":279,"column":40},"skip":true},{"start":{"line":280,"column":20},"end":{"line":281,"column":40},"skip":true},{"start":{"line":282,"column":20},"end":{"line":283,"column":39},"skip":true}]},"20":{"line":288,"type":"if","locations":[{"start":{"line":288,"column":8},"end":{"line":288,"column":8},"skip":true},{"start":{"line":288,"column":8},"end":{"line":288,"column":8},"skip":true}]},"21":{"line":288,"type":"binary-expr","locations":[{"start":{"line":288,"column":12},"end":{"line":288,"column":40},"skip":true},{"start":{"line":288,"column":44},"end":{"line":288,"column":67},"skip":true}]},"22":{"line":292,"type":"binary-expr","locations":[{"start":{"line":292,"column":12},"end":{"line":292,"column":50},"skip":true},{"start":{"line":293,"column":12},"end":{"line":293,"column":53},"skip":true}]},"23":{"line":297,"type":"binary-expr","locations":[{"start":{"line":297,"column":12},"end":{"line":297,"column":62},"skip":true},{"start":{"line":298,"column":12},"end":{"line":301,"column":36},"skip":true}]},"24":{"line":303,"type":"binary-expr","locations":[{"start":{"line":303,"column":43},"end":{"line":303,"column":75},"skip":true},{"start":{"line":303,"column":79},"end":{"line":303,"column":81},"skip":true}]},"25":{"line":306,"type":"if","locations":[{"start":{"line":306,"column":8},"end":{"line":306,"column":8},"skip":true},{"start":{"line":306,"column":8},"end":{"line":306,"column":8},"skip":true}]},"26":{"line":310,"type":"if","locations":[{"start":{"line":310,"column":8},"end":{"line":310,"column":8},"skip":true},{"start":{"line":310,"column":8},"end":{"line":310,"column":8},"skip":true}]},"27":{"line":313,"type":"binary-expr","locations":[{"start":{"line":313,"column":27},"end":{"line":313,"column":43},"skip":true},{"start":{"line":313,"column":47},"end":{"line":313,"column":53},"skip":true}]},"28":{"line":317,"type":"if","locations":[{"start":{"line":317,"column":12},"end":{"line":317,"column":12},"skip":true},{"start":{"line":317,"column":12},"end":{"line":317,"column":12},"skip":true}]}},"code":["/*","example.js","","quickstart example","","instruction","    1. save this script as example.js","    2. run the shell command:","        $ npm install npmtest-vtop && PORT=8081 node example.js","    3. play with the browser-demo on http://127.0.0.1:8081","*/","","","","/* istanbul instrument in package npmtest_vtop */","/*jslint","    bitwise: true,","    browser: true,","    maxerr: 8,","    maxlen: 96,","    node: true,","    nomen: true,","    regexp: true,","    stupid: true","*/","(function () {","    'use strict';","    var local;","","","","    // run shared js-env code - pre-init","    (function () {","        // init local","        local = {};","        // init modeJs","        local.modeJs = (function () {","            try {","                return typeof navigator.userAgent === 'string' &&","                    typeof document.querySelector('body') === 'object' &&","                    typeof XMLHttpRequest.prototype.open === 'function' &&","                    'browser';","            } catch (errorCaughtBrowser) {","                return module.exports &&","                    typeof process.versions.node === 'string' &&","                    typeof require('http').createServer === 'function' &&","                    'node';","            }","        }());","        // init global","        local.global = local.modeJs === 'browser'","            ? window","            : global;","        // init utility2_rollup","        local = local.global.utility2_rollup || (local.modeJs === 'browser'","            ? local.global.utility2_npmtest_vtop","            : global.utility2_moduleExports);","        // export local","        local.global.local = local;","    }());","    switch (local.modeJs) {","","","","    // post-init","    // run browser js-env code - post-init","    /* istanbul ignore next */","    case 'browser':","        local.testRunBrowser = function (event) {","            if (!event || (event &&","                    event.currentTarget &&","                    event.currentTarget.className &&","                    event.currentTarget.className.includes &&","                    event.currentTarget.className.includes('onreset'))) {","                // reset output","                Array.from(","                    document.querySelectorAll('body > .resettable')","                ).forEach(function (element) {","                    switch (element.tagName) {","                    case 'INPUT':","                    case 'TEXTAREA':","                        element.value = '';","                        break;","                    default:","                        element.textContent = '';","                    }","                });","            }","            switch (event && event.currentTarget && event.currentTarget.id) {","            case 'testRunButton1':","                // show tests","                if (document.querySelector('#testReportDiv1').style.display === 'none') {","                    document.querySelector('#testReportDiv1').style.display = 'block';","                    document.querySelector('#testRunButton1').textContent =","                        'hide internal test';","                    local.modeTest = true;","                    local.testRunDefault(local);","                // hide tests","                } else {","                    document.querySelector('#testReportDiv1').style.display = 'none';","                    document.querySelector('#testRunButton1').textContent = 'run internal test';","                }","                break;","            // custom-case","            default:","                break;","            }","            if (document.querySelector('#inputTextareaEval1') && (!event || (event &&","                    event.currentTarget &&","                    event.currentTarget.className &&","                    event.currentTarget.className.includes &&","                    event.currentTarget.className.includes('oneval')))) {","                // try to eval input-code","                try {","                    /*jslint evil: true*/","                    eval(document.querySelector('#inputTextareaEval1').value);","                } catch (errorCaught) {","                    console.error(errorCaught);","                }","            }","        };","        // log stderr and stdout to #outputTextareaStdout1","        ['error', 'log'].forEach(function (key) {","            console[key + '_original'] = console[key];","            console[key] = function () {","                var element;","                console[key + '_original'].apply(console, arguments);","                element = document.querySelector('#outputTextareaStdout1');","                if (!element) {","                    return;","                }","                // append text to #outputTextareaStdout1","                element.value += Array.from(arguments).map(function (arg) {","                    return typeof arg === 'string'","                        ? arg","                        : JSON.stringify(arg, null, 4);","                }).join(' ') + '\\n';","                // scroll textarea to bottom","                element.scrollTop = element.scrollHeight;","            };","        });","        // init event-handling","        ['change', 'click', 'keyup'].forEach(function (event) {","            Array.from(document.querySelectorAll('.on' + event)).forEach(function (element) {","                element.addEventListener(event, local.testRunBrowser);","            });","        });","        // run tests","        local.testRunBrowser();","        break;","","","","    // run node js-env code - post-init","    /* istanbul ignore next */","    case 'node':","        // export local","        module.exports = local;","        // require modules","        local.fs = require('fs');","        local.http = require('http');","        local.url = require('url');","        // init assets","        local.assetsDict = local.assetsDict || {};","        /* jslint-ignore-begin */","        local.assetsDict['/assets.index.template.html'] = '\\","<!doctype html>\\n\\","<html lang=\"en\">\\n\\","<head>\\n\\","<meta charset=\"UTF-8\">\\n\\","<meta name=\"viewport\" content=\"width=device-width, initial-scale=1\">\\n\\","<title>{{env.npm_package_name}} (v{{env.npm_package_version}})</title>\\n\\","<style>\\n\\","/*csslint\\n\\","    box-sizing: false,\\n\\","    universal-selector: false\\n\\","*/\\n\\","* {\\n\\","    box-sizing: border-box;\\n\\","}\\n\\","body {\\n\\","    background: #dde;\\n\\","    font-family: Arial, Helvetica, sans-serif;\\n\\","    margin: 2rem;\\n\\","}\\n\\","body > * {\\n\\","    margin-bottom: 1rem;\\n\\","}\\n\\",".utility2FooterDiv {\\n\\","    margin-top: 20px;\\n\\","    text-align: center;\\n\\","}\\n\\","</style>\\n\\","<style>\\n\\","/*csslint\\n\\","*/\\n\\","textarea {\\n\\","    font-family: monospace;\\n\\","    height: 10rem;\\n\\","    width: 100%;\\n\\","}\\n\\","textarea[readonly] {\\n\\","    background: #ddd;\\n\\","}\\n\\","</style>\\n\\","</head>\\n\\","<body>\\n\\","<!-- utility2-comment\\n\\","<div id=\"ajaxProgressDiv1\" style=\"background: #d00; height: 2px; left: 0; margin: 0; padding: 0; position: fixed; top: 0; transition: background 0.5s, width 1.5s; width: 25%;\"></div>\\n\\","utility2-comment -->\\n\\","<h1>\\n\\","<!-- utility2-comment\\n\\","    <a\\n\\","        {{#if env.npm_package_homepage}}\\n\\","        href=\"{{env.npm_package_homepage}}\"\\n\\","        {{/if env.npm_package_homepage}}\\n\\","        target=\"_blank\"\\n\\","    >\\n\\","utility2-comment -->\\n\\","        {{env.npm_package_name}} (v{{env.npm_package_version}})\\n\\","<!-- utility2-comment\\n\\","    </a>\\n\\","utility2-comment -->\\n\\","</h1>\\n\\","<h3>{{env.npm_package_description}}</h3>\\n\\","<!-- utility2-comment\\n\\","<h4><a download href=\"assets.app.js\">download standalone app</a></h4>\\n\\","<button class=\"onclick onreset\" id=\"testRunButton1\">run internal test</button><br>\\n\\","<div id=\"testReportDiv1\" style=\"display: none;\"></div>\\n\\","utility2-comment -->\\n\\","\\n\\","\\n\\","\\n\\","<label>stderr and stdout</label>\\n\\","<textarea class=\"resettable\" id=\"outputTextareaStdout1\" readonly></textarea>\\n\\","<!-- utility2-comment\\n\\","{{#if isRollup}}\\n\\","<script src=\"assets.app.js\"></script>\\n\\","{{#unless isRollup}}\\n\\","utility2-comment -->\\n\\","<script src=\"assets.utility2.rollup.js\"></script>\\n\\","<script src=\"jsonp.utility2._stateInit?callback=window.utility2._stateInit\"></script>\\n\\","<script src=\"assets.npmtest_vtop.rollup.js\"></script>\\n\\","<script src=\"assets.example.js\"></script>\\n\\","<script src=\"assets.test.js\"></script>\\n\\","<!-- utility2-comment\\n\\","{{/if isRollup}}\\n\\","utility2-comment -->\\n\\","<div class=\"utility2FooterDiv\">\\n\\","    [ this app was created with\\n\\","    <a href=\"https://github.com/kaizhu256/node-utility2\" target=\"_blank\">utility2</a>\\n\\","    ]\\n\\","</div>\\n\\","</body>\\n\\","</html>\\n\\","';","        /* jslint-ignore-end */","        if (local.templateRender) {","            local.assetsDict['/'] = local.templateRender(","                local.assetsDict['/assets.index.template.html'],","                {","                    env: local.objectSetDefault(local.env, {","                        npm_package_description: 'the greatest app in the world!',","                        npm_package_name: 'my-app',","                        npm_package_nameAlias: 'my_app',","                        npm_package_version: '0.0.1'","                    })","                }","            );","        } else {","            local.assetsDict['/'] = local.assetsDict['/assets.index.template.html']","                .replace((/\\{\\{env\\.(\\w+?)\\}\\}/g), function (match0, match1) {","                    // jslint-hack","                    String(match0);","                    switch (match1) {","                    case 'npm_package_description':","                        return 'the greatest app in the world!';","                    case 'npm_package_name':","                        return 'my-app';","                    case 'npm_package_nameAlias':","                        return 'my_app';","                    case 'npm_package_version':","                        return '0.0.1';","                    }","                });","        }","        // run the cli","        if (local.global.utility2_rollup || module !== require.main) {","            break;","        }","        local.assetsDict['/assets.example.js'] =","            local.assetsDict['/assets.example.js'] ||","            local.fs.readFileSync(__filename, 'utf8');","        // bug-workaround - long $npm_package_buildCustomOrg","        /* jslint-ignore-begin */","        local.assetsDict['/assets.npmtest_vtop.rollup.js'] =","            local.assetsDict['/assets.npmtest_vtop.rollup.js'] ||","            local.fs.readFileSync(","                local.npmtest_vtop.__dirname + '/lib.npmtest_vtop.js',","                'utf8'","            ).replace((/^#!/), '//');","        /* jslint-ignore-end */","        local.assetsDict['/favicon.ico'] = local.assetsDict['/favicon.ico'] || '';","        // if $npm_config_timeout_exit exists,","        // then exit this process after $npm_config_timeout_exit ms","        if (Number(process.env.npm_config_timeout_exit)) {","            setTimeout(process.exit, Number(process.env.npm_config_timeout_exit));","        }","        // start server","        if (local.global.utility2_serverHttp1) {","            break;","        }","        process.env.PORT = process.env.PORT || '8081';","        console.error('server starting on port ' + process.env.PORT);","        local.http.createServer(function (request, response) {","            request.urlParsed = local.url.parse(request.url);","            if (local.assetsDict[request.urlParsed.pathname] !== undefined) {","                response.end(local.assetsDict[request.urlParsed.pathname]);","                return;","            }","            response.statusCode = 404;","            response.end();","        }).listen(process.env.PORT);","        break;","    }","}());",""],"l":{"26":2,"28":2,"33":2,"35":2,"37":2,"38":2,"39":2,"44":1,"51":2,"55":2,"59":2,"61":2,"69":1,"70":2,"76":2,"79":2,"82":2,"83":2,"85":1,"89":2,"92":1,"93":1,"94":1,"96":1,"97":1,"100":1,"101":1,"103":1,"106":1,"108":2,"114":1,"116":1,"118":1,"123":1,"124":2,"125":2,"126":3,"127":3,"128":3,"129":3,"130":1,"133":3,"134":3,"139":3,"143":1,"144":3,"145":1,"149":1,"150":1,"158":1,"160":1,"161":1,"162":1,"164":1,"166":1,"258":1,"259":1,"271":1,"274":6,"275":6,"277":1,"279":2,"281":1,"283":2,"288":1,"289":1,"291":1,"296":1,"303":1,"306":1,"307":1,"310":1,"311":1,"313":1,"314":1,"315":1,"316":1,"317":1,"318":1,"319":1,"321":1,"322":1,"324":1}},"/home/travis/build/npmtest/node-npmtest-vtop/node_modules/vtop/app.js":{"path":"/home/travis/build/npmtest/node-npmtest-vtop/node_modules/vtop/app.js","s":{"1":1,"2":1,"3":1,"4":1,"5":1,"6":1,"7":1,"8":1,"9":1,"10":1,"11":1,"12":1,"13":1,"14":1,"15":8,"16":8,"17":1,"18":1,"19":1,"20":1,"21":1,"22":1,"23":1,"24":1,"25":1,"26":1,"27":1,"28":1,"29":1,"30":1,"31":1,"32":1,"33":1,"34":2,"35":2,"36":2,"37":0,"38":0,"39":0,"40":2,"41":2,"42":2,"43":2,"44":2,"45":2,"46":2,"47":2,"48":2,"49":81,"50":2,"51":27,"52":27,"53":27,"54":2,"55":27,"56":27,"57":27,"58":2,"59":2,"60":2,"61":2,"62":1,"63":1,"64":1,"65":1,"66":7,"67":7,"68":1,"69":1,"70":1,"71":1,"72":1,"73":32792,"74":1,"75":32791,"76":1,"77":230,"78":230,"79":230,"80":230,"81":5,"82":225,"83":225,"84":225,"85":35716,"86":225,"87":0,"88":225,"89":12775,"90":12775,"91":12775,"92":12775,"93":11112,"94":12775,"95":289083,"96":0,"97":0,"98":0,"99":0,"100":0,"101":0,"102":0,"103":289083,"104":289083,"105":225,"106":225,"107":225,"108":225,"109":1,"110":115,"111":115,"112":115,"113":115,"114":115,"115":115,"116":115,"117":115,"118":115,"119":0,"120":115,"121":0,"122":115,"123":115,"124":115,"125":115,"126":460,"127":460,"128":460,"129":115,"130":115,"131":345,"132":460,"133":115,"134":0,"135":0,"136":0,"137":115,"138":115,"139":115,"140":115,"141":460,"142":460,"143":115,"144":115,"145":115,"146":8083,"147":8083,"148":8083,"149":32332,"150":32332,"151":8083,"152":115,"153":1,"154":1,"155":1,"156":115,"157":115,"158":115,"159":115,"160":115,"161":115,"162":115,"163":115,"164":115,"165":8012,"166":8012,"167":115,"168":115,"169":115,"170":8083,"171":8083,"172":115,"173":115,"174":115,"175":115,"176":1,"177":1,"178":1,"179":0,"180":1,"181":1,"182":0,"183":0,"184":1,"185":1,"186":0,"187":0,"188":1,"189":1,"190":1,"191":1,"192":1,"193":1,"194":1,"195":1,"196":1,"197":0,"198":0,"199":0,"200":0,"201":0,"202":0,"203":0,"204":0,"205":0,"206":0,"207":0,"208":0,"209":0,"210":0,"211":0,"212":0,"213":0,"214":0,"215":0,"216":0,"217":0,"218":0,"219":0,"220":0,"221":0,"222":0,"223":0,"224":0,"225":0,"226":0,"227":0,"228":0,"229":0,"230":0,"231":0,"232":0,"233":0,"234":1,"235":1,"236":1,"237":1,"238":1,"239":1,"240":1,"241":0,"242":0,"243":1,"244":1,"245":1,"246":1,"247":1,"248":1,"249":1,"250":1,"251":1,"252":1,"253":0,"254":1,"255":1,"256":1,"257":1,"258":1,"259":1,"260":1,"261":1,"262":1,"263":3,"264":3,"265":3,"266":3,"267":1,"268":1,"269":1,"270":1,"271":1,"272":1,"273":1,"274":1,"275":1,"276":1,"277":1,"278":3,"279":3,"280":0,"281":3,"282":3,"283":3,"284":1,"285":1,"286":1,"287":1,"288":1,"289":1,"290":1,"291":1,"292":1,"293":1},"b":{"1":[0,2],"2":[1,32791],"3":[5,225],"4":[0,225],"5":[12775,0],"6":[12775,0,0],"7":[11112,1663],"8":[12775,11829],"9":[0,289083],"10":[289083,0,0],"11":[289083,0],"12":[0,115],"13":[0,115],"14":[115,345],"15":[0,115],"16":[115,0],"17":[115,0],"18":[0,1],"19":[0,1],"20":[0,0],"21":[0,0,0,0],"22":[0,0],"23":[0,0,0,0,0],"24":[0,0],"25":[0,0],"26":[0,0],"27":[0,0],"28":[0,0],"29":[0,0],"30":[0,0],"31":[0,0],"32":[0,0],"33":[0,0,0],"34":[0,0],"35":[0,0,0],"36":[0,1],"37":[1,1,1],"38":[0,3],"39":[3,0]},"f":{"1":1,"2":0},"fnMap":{"1":{"name":"(anonymous_1)","line":387,"loc":{"start":{"line":387,"column":9},"end":{"line":387,"column":12}}},"2":{"name":"(anonymous_2)","line":560,"loc":{"start":{"line":560,"column":17},"end":{"line":560,"column":24}}}},"statementMap":{"1":{"start":{"line":3,"column":0},"end":{"line":643,"column":5}},"2":{"start":{"line":5,"column":2},"end":{"line":5,"column":36}},"3":{"start":{"line":6,"column":2},"end":{"line":6,"column":36}},"4":{"start":{"line":7,"column":2},"end":{"line":7,"column":26}},"5":{"start":{"line":8,"column":2},"end":{"line":8,"column":34}},"6":{"start":{"line":9,"column":2},"end":{"line":9,"column":41}},"7":{"start":{"line":10,"column":2},"end":{"line":10,"column":51}},"8":{"start":{"line":11,"column":2},"end":{"line":11,"column":47}},"9":{"start":{"line":12,"column":2},"end":{"line":12,"column":30}},"10":{"start":{"line":13,"column":2},"end":{"line":13,"column":30}},"11":{"start":{"line":14,"column":2},"end":{"line":14,"column":17}},"12":{"start":{"line":15,"column":2},"end":{"line":15,"column":33}},"13":{"start":{"line":17,"column":2},"end":{"line":17,"column":67}},"14":{"start":{"line":18,"column":2},"end":{"line":21,"column":3}},"15":{"start":{"line":19,"column":4},"end":{"line":19,"column":104}},"16":{"start":{"line":20,"column":4},"end":{"line":20,"column":29}},"17":{"start":{"line":22,"column":2},"end":{"line":22,"column":30}},"18":{"start":{"line":25,"column":2},"end":{"line":29,"column":24}},"19":{"start":{"line":34,"column":2},"end":{"line":34,"column":12}},"20":{"start":{"line":35,"column":2},"end":{"line":35,"column":19}},"21":{"start":{"line":36,"column":2},"end":{"line":36,"column":17}},"22":{"start":{"line":37,"column":2},"end":{"line":37,"column":22}},"23":{"start":{"line":39,"column":2},"end":{"line":39,"column":27}},"24":{"start":{"line":40,"column":2},"end":{"line":40,"column":32}},"25":{"start":{"line":41,"column":2},"end":{"line":41,"column":57}},"26":{"start":{"line":43,"column":2},"end":{"line":43,"column":20}},"27":{"start":{"line":51,"column":2},"end":{"line":51,"column":18}},"28":{"start":{"line":53,"column":2},"end":{"line":62,"column":3}},"29":{"start":{"line":66,"column":2},"end":{"line":66,"column":11}},"30":{"start":{"line":68,"column":2},"end":{"line":68,"column":12}},"31":{"start":{"line":69,"column":2},"end":{"line":69,"column":17}},"32":{"start":{"line":70,"column":2},"end":{"line":70,"column":26}},"33":{"start":{"line":80,"column":2},"end":{"line":140,"column":3}},"34":{"start":{"line":81,"column":4},"end":{"line":81,"column":18}},"35":{"start":{"line":82,"column":4},"end":{"line":82,"column":24}},"36":{"start":{"line":83,"column":4},"end":{"line":90,"column":5}},"37":{"start":{"line":84,"column":6},"end":{"line":84,"column":40}},"38":{"start":{"line":85,"column":6},"end":{"line":85,"column":142}},"39":{"start":{"line":86,"column":6},"end":{"line":86,"column":97}},"40":{"start":{"line":88,"column":6},"end":{"line":88,"column":71}},"41":{"start":{"line":89,"column":6},"end":{"line":89,"column":54}},"42":{"start":{"line":92,"column":4},"end":{"line":100,"column":6}},"43":{"start":{"line":101,"column":4},"end":{"line":109,"column":6}},"44":{"start":{"line":110,"column":4},"end":{"line":117,"column":6}},"45":{"start":{"line":118,"column":4},"end":{"line":118,"column":25}},"46":{"start":{"line":119,"column":4},"end":{"line":119,"column":23}},"47":{"start":{"line":120,"column":4},"end":{"line":120,"column":30}},"48":{"start":{"line":122,"column":4},"end":{"line":122,"column":52}},"49":{"start":{"line":122,"column":29},"end":{"line":122,"column":52}},"50":{"start":{"line":124,"column":4},"end":{"line":128,"column":5}},"51":{"start":{"line":125,"column":6},"end":{"line":125,"column":29}},"52":{"start":{"line":126,"column":6},"end":{"line":126,"column":113}},"53":{"start":{"line":127,"column":6},"end":{"line":127,"column":21}},"54":{"start":{"line":130,"column":4},"end":{"line":134,"column":5}},"55":{"start":{"line":131,"column":6},"end":{"line":131,"column":30}},"56":{"start":{"line":132,"column":6},"end":{"line":132,"column":108}},"57":{"start":{"line":133,"column":6},"end":{"line":133,"column":21}},"58":{"start":{"line":136,"column":4},"end":{"line":136,"column":16}},"59":{"start":{"line":137,"column":4},"end":{"line":137,"column":23}},"60":{"start":{"line":138,"column":4},"end":{"line":138,"column":33}},"61":{"start":{"line":139,"column":4},"end":{"line":139,"column":40}},"62":{"start":{"line":147,"column":2},"end":{"line":171,"column":3}},"63":{"start":{"line":148,"column":4},"end":{"line":156,"column":5}},"64":{"start":{"line":157,"column":4},"end":{"line":157,"column":17}},"65":{"start":{"line":158,"column":4},"end":{"line":161,"column":5}},"66":{"start":{"line":159,"column":6},"end":{"line":159,"column":33}},"67":{"start":{"line":160,"column":6},"end":{"line":160,"column":75}},"68":{"start":{"line":162,"column":4},"end":{"line":162,"column":38}},"69":{"start":{"line":163,"column":4},"end":{"line":168,"column":6}},"70":{"start":{"line":169,"column":4},"end":{"line":169,"column":32}},"71":{"start":{"line":170,"column":4},"end":{"line":170,"column":30}},"72":{"start":{"line":179,"column":2},"end":{"line":184,"column":3}},"73":{"start":{"line":180,"column":4},"end":{"line":182,"column":5}},"74":{"start":{"line":181,"column":6},"end":{"line":181,"column":15}},"75":{"start":{"line":183,"column":4},"end":{"line":183,"column":42}},"76":{"start":{"line":191,"column":2},"end":{"line":254,"column":3}},"77":{"start":{"line":192,"column":4},"end":{"line":192,"column":34}},"78":{"start":{"line":193,"column":4},"end":{"line":193,"column":25}},"79":{"start":{"line":194,"column":4},"end":{"line":194,"column":13}},"80":{"start":{"line":196,"column":4},"end":{"line":198,"column":5}},"81":{"start":{"line":197,"column":6},"end":{"line":197,"column":18}},"82":{"start":{"line":200,"column":4},"end":{"line":200,"column":33}},"83":{"start":{"line":202,"column":4},"end":{"line":202,"column":76}},"84":{"start":{"line":204,"column":4},"end":{"line":204,"column":99}},"85":{"start":{"line":204,"column":34},"end":{"line":204,"column":99}},"86":{"start":{"line":206,"column":4},"end":{"line":208,"column":5}},"87":{"start":{"line":207,"column":6},"end":{"line":207,"column":65}},"88":{"start":{"line":210,"column":4},"end":{"line":246,"column":5}},"89":{"start":{"line":211,"column":6},"end":{"line":245,"column":7}},"90":{"start":{"line":212,"column":8},"end":{"line":212,"column":84}},"91":{"start":{"line":214,"column":8},"end":{"line":214,"column":69}},"92":{"start":{"line":217,"column":8},"end":{"line":219,"column":9}},"93":{"start":{"line":218,"column":10},"end":{"line":218,"column":66}},"94":{"start":{"line":225,"column":8},"end":{"line":244,"column":9}},"95":{"start":{"line":226,"column":10},"end":{"line":243,"column":11}},"96":{"start":{"line":227,"column":12},"end":{"line":227,"column":74}},"97":{"start":{"line":228,"column":12},"end":{"line":228,"column":67}},"98":{"start":{"line":229,"column":12},"end":{"line":229,"column":54}},"99":{"start":{"line":232,"column":12},"end":{"line":237,"column":13}},"100":{"start":{"line":233,"column":14},"end":{"line":233,"column":42}},"101":{"start":{"line":234,"column":14},"end":{"line":236,"column":15}},"102":{"start":{"line":235,"column":16},"end":{"line":235,"column":31}},"103":{"start":{"line":238,"column":17},"end":{"line":243,"column":11}},"104":{"start":{"line":242,"column":12},"end":{"line":242,"column":23}},"105":{"start":{"line":249,"column":4},"end":{"line":249,"column":44}},"106":{"start":{"line":250,"column":4},"end":{"line":250,"column":53}},"107":{"start":{"line":251,"column":4},"end":{"line":251,"column":115}},"108":{"start":{"line":253,"column":4},"end":{"line":253,"column":32}},"109":{"start":{"line":261,"column":2},"end":{"line":332,"column":3}},"110":{"start":{"line":262,"column":4},"end":{"line":262,"column":34}},"111":{"start":{"line":263,"column":4},"end":{"line":263,"column":28}},"112":{"start":{"line":265,"column":4},"end":{"line":265,"column":49}},"113":{"start":{"line":266,"column":4},"end":{"line":266,"column":21}},"114":{"start":{"line":267,"column":4},"end":{"line":267,"column":28}},"115":{"start":{"line":268,"column":4},"end":{"line":268,"column":48}},"116":{"start":{"line":270,"column":4},"end":{"line":270,"column":27}},"117":{"start":{"line":271,"column":4},"end":{"line":271,"column":19}},"118":{"start":{"line":273,"column":4},"end":{"line":275,"column":5}},"119":{"start":{"line":274,"column":6},"end":{"line":274,"column":17}},"120":{"start":{"line":277,"column":4},"end":{"line":279,"column":5}},"121":{"start":{"line":278,"column":6},"end":{"line":278,"column":17}},"122":{"start":{"line":281,"column":4},"end":{"line":306,"column":26}},"123":{"start":{"line":282,"column":6},"end":{"line":282,"column":23}},"124":{"start":{"line":283,"column":6},"end":{"line":283,"column":25}},"125":{"start":{"line":286,"column":6},"end":{"line":298,"column":7}},"126":{"start":{"line":287,"column":8},"end":{"line":287,"column":36}},"127":{"start":{"line":288,"column":8},"end":{"line":288,"column":11}},"128":{"start":{"line":291,"column":8},"end":{"line":296,"column":9}},"129":{"start":{"line":292,"column":10},"end":{"line":292,"column":55}},"130":{"start":{"line":293,"column":10},"end":{"line":293,"column":43}},"131":{"start":{"line":295,"column":10},"end":{"line":295,"column":53}},"132":{"start":{"line":297,"column":8},"end":{"line":297,"column":40}},"133":{"start":{"line":299,"column":6},"end":{"line":305,"column":7}},"134":{"start":{"line":300,"column":8},"end":{"line":300,"column":21}},"135":{"start":{"line":301,"column":8},"end":{"line":301,"column":23}},"136":{"start":{"line":302,"column":8},"end":{"line":302,"column":27}},"137":{"start":{"line":304,"column":8},"end":{"line":304,"column":28}},"138":{"start":{"line":309,"column":4},"end":{"line":309,"column":21}},"139":{"start":{"line":310,"column":4},"end":{"line":310,"column":30}},"140":{"start":{"line":311,"column":4},"end":{"line":314,"column":5}},"141":{"start":{"line":312,"column":6},"end":{"line":312,"column":47}},"142":{"start":{"line":313,"column":6},"end":{"line":313,"column":105}},"143":{"start":{"line":315,"column":4},"end":{"line":315,"column":35}},"144":{"start":{"line":317,"column":4},"end":{"line":317,"column":25}},"145":{"start":{"line":318,"column":4},"end":{"line":326,"column":5}},"146":{"start":{"line":319,"column":6},"end":{"line":319,"column":55}},"147":{"start":{"line":320,"column":6},"end":{"line":320,"column":22}},"148":{"start":{"line":321,"column":6},"end":{"line":324,"column":7}},"149":{"start":{"line":322,"column":8},"end":{"line":322,"column":59}},"150":{"start":{"line":323,"column":8},"end":{"line":323,"column":146}},"151":{"start":{"line":325,"column":6},"end":{"line":325,"column":30}},"152":{"start":{"line":327,"column":4},"end":{"line":331,"column":5}},"153":{"start":{"line":335,"column":2},"end":{"line":335,"column":23}},"154":{"start":{"line":336,"column":2},"end":{"line":336,"column":22}},"155":{"start":{"line":341,"column":2},"end":{"line":382,"column":3}},"156":{"start":{"line":342,"column":4},"end":{"line":342,"column":14}},"157":{"start":{"line":344,"column":4},"end":{"line":344,"column":22}},"158":{"start":{"line":345,"column":4},"end":{"line":345,"column":41}},"159":{"start":{"line":346,"column":4},"end":{"line":346,"column":46}},"160":{"start":{"line":348,"column":4},"end":{"line":379,"column":5}},"161":{"start":{"line":349,"column":6},"end":{"line":349,"column":43}},"162":{"start":{"line":350,"column":6},"end":{"line":350,"column":41}},"163":{"start":{"line":355,"column":6},"end":{"line":355,"column":30}},"164":{"start":{"line":359,"column":6},"end":{"line":362,"column":7}},"165":{"start":{"line":360,"column":8},"end":{"line":360,"column":41}},"166":{"start":{"line":361,"column":8},"end":{"line":361,"column":71}},"167":{"start":{"line":363,"column":6},"end":{"line":363,"column":39}},"168":{"start":{"line":365,"column":6},"end":{"line":365,"column":26}},"169":{"start":{"line":366,"column":6},"end":{"line":369,"column":7}},"170":{"start":{"line":367,"column":8},"end":{"line":367,"column":39}},"171":{"start":{"line":368,"column":8},"end":{"line":368,"column":76}},"172":{"start":{"line":374,"column":6},"end":{"line":374,"column":47}},"173":{"start":{"line":376,"column":6},"end":{"line":376,"column":34}},"174":{"start":{"line":378,"column":6},"end":{"line":378,"column":31}},"175":{"start":{"line":381,"column":4},"end":{"line":381,"column":19}},"176":{"start":{"line":385,"column":2},"end":{"line":642,"column":3}},"177":{"start":{"line":388,"column":6},"end":{"line":388,"column":15}},"178":{"start":{"line":389,"column":6},"end":{"line":393,"column":7}},"179":{"start":{"line":390,"column":8},"end":{"line":390,"column":29}},"180":{"start":{"line":392,"column":8},"end":{"line":392,"column":25}},"181":{"start":{"line":398,"column":6},"end":{"line":402,"column":7}},"182":{"start":{"line":399,"column":8},"end":{"line":401,"column":49}},"183":{"start":{"line":400,"column":10},"end":{"line":400,"column":25}},"184":{"start":{"line":404,"column":6},"end":{"line":409,"column":7}},"185":{"start":{"line":405,"column":8},"end":{"line":405,"column":55}},"186":{"start":{"line":407,"column":8},"end":{"line":407,"column":59}},"187":{"start":{"line":408,"column":8},"end":{"line":408,"column":23}},"188":{"start":{"line":411,"column":6},"end":{"line":411,"column":31}},"189":{"start":{"line":414,"column":6},"end":{"line":414,"column":27}},"190":{"start":{"line":416,"column":6},"end":{"line":421,"column":7}},"191":{"start":{"line":417,"column":8},"end":{"line":420,"column":10}},"192":{"start":{"line":418,"column":10},"end":{"line":418,"column":27}},"193":{"start":{"line":419,"column":10},"end":{"line":419,"column":22}},"194":{"start":{"line":423,"column":6},"end":{"line":423,"column":15}},"195":{"start":{"line":427,"column":6},"end":{"line":427,"column":22}},"196":{"start":{"line":429,"column":6},"end":{"line":500,"column":8}},"197":{"start":{"line":430,"column":8},"end":{"line":437,"column":9}},"198":{"start":{"line":432,"column":10},"end":{"line":432,"column":35}},"199":{"start":{"line":433,"column":10},"end":{"line":433,"column":49}},"200":{"start":{"line":434,"column":10},"end":{"line":436,"column":18}},"201":{"start":{"line":435,"column":12},"end":{"line":435,"column":38}},"202":{"start":{"line":439,"column":8},"end":{"line":448,"column":9}},"203":{"start":{"line":447,"column":10},"end":{"line":447,"column":32}},"204":{"start":{"line":451,"column":8},"end":{"line":456,"column":9}},"205":{"start":{"line":452,"column":10},"end":{"line":452,"column":99}},"206":{"start":{"line":453,"column":10},"end":{"line":453,"column":73}},"207":{"start":{"line":455,"column":10},"end":{"line":455,"column":69}},"208":{"start":{"line":458,"column":8},"end":{"line":464,"column":9}},"209":{"start":{"line":459,"column":10},"end":{"line":459,"column":39}},"210":{"start":{"line":460,"column":10},"end":{"line":460,"column":33}},"211":{"start":{"line":461,"column":10},"end":{"line":463,"column":17}},"212":{"start":{"line":462,"column":12},"end":{"line":462,"column":42}},"213":{"start":{"line":465,"column":8},"end":{"line":471,"column":9}},"214":{"start":{"line":466,"column":10},"end":{"line":466,"column":39}},"215":{"start":{"line":467,"column":10},"end":{"line":467,"column":33}},"216":{"start":{"line":468,"column":10},"end":{"line":470,"column":17}},"217":{"start":{"line":469,"column":12},"end":{"line":469,"column":42}},"218":{"start":{"line":472,"column":8},"end":{"line":472,"column":26}},"219":{"start":{"line":474,"column":8},"end":{"line":493,"column":9}},"220":{"start":{"line":475,"column":10},"end":{"line":475,"column":26}},"221":{"start":{"line":477,"column":10},"end":{"line":479,"column":11}},"222":{"start":{"line":478,"column":12},"end":{"line":478,"column":46}},"223":{"start":{"line":480,"column":10},"end":{"line":480,"column":39}},"224":{"start":{"line":481,"column":10},"end":{"line":481,"column":37}},"225":{"start":{"line":482,"column":10},"end":{"line":482,"column":25}},"226":{"start":{"line":483,"column":10},"end":{"line":483,"column":32}},"227":{"start":{"line":484,"column":10},"end":{"line":484,"column":30}},"228":{"start":{"line":485,"column":10},"end":{"line":485,"column":32}},"229":{"start":{"line":488,"column":10},"end":{"line":492,"column":12}},"230":{"start":{"line":495,"column":8},"end":{"line":499,"column":9}},"231":{"start":{"line":496,"column":10},"end":{"line":496,"column":25}},"232":{"start":{"line":497,"column":15},"end":{"line":499,"column":9}},"233":{"start":{"line":498,"column":10},"end":{"line":498,"column":25}},"234":{"start":{"line":502,"column":6},"end":{"line":502,"column":18}},"235":{"start":{"line":505,"column":6},"end":{"line":505,"column":18}},"236":{"start":{"line":507,"column":6},"end":{"line":516,"column":8}},"237":{"start":{"line":518,"column":6},"end":{"line":518,"column":26}},"238":{"start":{"line":520,"column":6},"end":{"line":520,"column":32}},"239":{"start":{"line":522,"column":6},"end":{"line":570,"column":7}},"240":{"start":{"line":523,"column":8},"end":{"line":526,"column":9}},"241":{"start":{"line":524,"column":10},"end":{"line":524,"column":31}},"242":{"start":{"line":525,"column":10},"end":{"line":525,"column":36}},"243":{"start":{"line":527,"column":8},"end":{"line":527,"column":29}},"244":{"start":{"line":528,"column":8},"end":{"line":537,"column":10}},"245":{"start":{"line":538,"column":8},"end":{"line":538,"column":29}},"246":{"start":{"line":540,"column":8},"end":{"line":550,"column":10}},"247":{"start":{"line":551,"column":8},"end":{"line":551,"column":34}},"248":{"start":{"line":553,"column":8},"end":{"line":566,"column":10}},"249":{"start":{"line":567,"column":8},"end":{"line":567,"column":48}},"250":{"start":{"line":568,"column":8},"end":{"line":568,"column":36}},"251":{"start":{"line":569,"column":8},"end":{"line":569,"column":23}},"252":{"start":{"line":572,"column":6},"end":{"line":574,"column":8}},"253":{"start":{"line":573,"column":8},"end":{"line":573,"column":22}},"254":{"start":{"line":575,"column":6},"end":{"line":575,"column":20}},"255":{"start":{"line":577,"column":6},"end":{"line":577,"column":26}},"256":{"start":{"line":578,"column":6},"end":{"line":578,"column":32}},"257":{"start":{"line":581,"column":6},"end":{"line":581,"column":21}},"258":{"start":{"line":583,"column":6},"end":{"line":631,"column":7}},"259":{"start":{"line":584,"column":8},"end":{"line":584,"column":48}},"260":{"start":{"line":585,"column":8},"end":{"line":585,"column":50}},"261":{"start":{"line":587,"column":8},"end":{"line":587,"column":52}},"262":{"start":{"line":589,"column":8},"end":{"line":626,"column":9}},"263":{"start":{"line":590,"column":10},"end":{"line":590,"column":19}},"264":{"start":{"line":591,"column":10},"end":{"line":591,"column":20}},"265":{"start":{"line":592,"column":10},"end":{"line":592,"column":27}},"266":{"start":{"line":594,"column":10},"end":{"line":609,"column":11}},"267":{"start":{"line":596,"column":14},"end":{"line":596,"column":43}},"268":{"start":{"line":597,"column":14},"end":{"line":597,"column":45}},"269":{"start":{"line":598,"column":14},"end":{"line":598,"column":55}},"270":{"start":{"line":599,"column":14},"end":{"line":599,"column":19}},"271":{"start":{"line":601,"column":14},"end":{"line":601,"column":44}},"272":{"start":{"line":602,"column":14},"end":{"line":602,"column":48}},"273":{"start":{"line":603,"column":14},"end":{"line":603,"column":55}},"274":{"start":{"line":604,"column":14},"end":{"line":604,"column":19}},"275":{"start":{"line":606,"column":14},"end":{"line":606,"column":43}},"276":{"start":{"line":607,"column":14},"end":{"line":607,"column":45}},"277":{"start":{"line":608,"column":14},"end":{"line":608,"column":19}},"278":{"start":{"line":612,"column":10},"end":{"line":612,"column":20}},"279":{"start":{"line":613,"column":10},"end":{"line":617,"column":11}},"280":{"start":{"line":614,"column":12},"end":{"line":614,"column":42}},"281":{"start":{"line":616,"column":12},"end":{"line":616,"column":23}},"282":{"start":{"line":618,"column":10},"end":{"line":624,"column":11}},"283":{"start":{"line":625,"column":10},"end":{"line":625,"column":38}},"284":{"start":{"line":628,"column":8},"end":{"line":628,"column":53}},"285":{"start":{"line":629,"column":8},"end":{"line":629,"column":54}},"286":{"start":{"line":630,"column":8},"end":{"line":630,"column":59}},"287":{"start":{"line":633,"column":6},"end":{"line":633,"column":19}},"288":{"start":{"line":634,"column":6},"end":{"line":634,"column":38}},"289":{"start":{"line":635,"column":6},"end":{"line":635,"column":44}},"290":{"start":{"line":638,"column":6},"end":{"line":638,"column":83}},"291":{"start":{"line":639,"column":6},"end":{"line":639,"column":83}},"292":{"start":{"line":640,"column":6},"end":{"line":640,"column":83}},"293":{"start":{"line":645,"column":0},"end":{"line":645,"column":10}}},"branchMap":{"1":{"line":83,"type":"if","locations":[{"start":{"line":83,"column":4},"end":{"line":83,"column":4}},{"start":{"line":83,"column":4},"end":{"line":83,"column":4}}]},"2":{"line":180,"type":"if","locations":[{"start":{"line":180,"column":4},"end":{"line":180,"column":4}},{"start":{"line":180,"column":4},"end":{"line":180,"column":4}}]},"3":{"line":196,"type":"if","locations":[{"start":{"line":196,"column":4},"end":{"line":196,"column":4}},{"start":{"line":196,"column":4},"end":{"line":196,"column":4}}]},"4":{"line":206,"type":"if","locations":[{"start":{"line":206,"column":4},"end":{"line":206,"column":4}},{"start":{"line":206,"column":4},"end":{"line":206,"column":4}}]},"5":{"line":211,"type":"if","locations":[{"start":{"line":211,"column":6},"end":{"line":211,"column":6}},{"start":{"line":211,"column":6},"end":{"line":211,"column":6}}]},"6":{"line":211,"type":"binary-expr","locations":[{"start":{"line":211,"column":10},"end":{"line":211,"column":25}},{"start":{"line":211,"column":30},"end":{"line":211,"column":44}},{"start":{"line":211,"column":48},"end":{"line":211,"column":76}}]},"7":{"line":217,"type":"if","locations":[{"start":{"line":217,"column":8},"end":{"line":217,"column":8}},{"start":{"line":217,"column":8},"end":{"line":217,"column":8}}]},"8":{"line":217,"type":"binary-expr","locations":[{"start":{"line":217,"column":12},"end":{"line":217,"column":17}},{"start":{"line":217,"column":21},"end":{"line":217,"column":71}}]},"9":{"line":226,"type":"if","locations":[{"start":{"line":226,"column":10},"end":{"line":226,"column":10}},{"start":{"line":226,"column":10},"end":{"line":226,"column":10}}]},"10":{"line":226,"type":"binary-expr","locations":[{"start":{"line":226,"column":14},"end":{"line":226,"column":28}},{"start":{"line":226,"column":32},"end":{"line":226,"column":37}},{"start":{"line":226,"column":41},"end":{"line":226,"column":46}}]},"11":{"line":238,"type":"if","locations":[{"start":{"line":238,"column":17},"end":{"line":238,"column":17}},{"start":{"line":238,"column":17},"end":{"line":238,"column":17}}]},"12":{"line":273,"type":"if","locations":[{"start":{"line":273,"column":4},"end":{"line":273,"column":4}},{"start":{"line":273,"column":4},"end":{"line":273,"column":4}}]},"13":{"line":277,"type":"if","locations":[{"start":{"line":277,"column":4},"end":{"line":277,"column":4}},{"start":{"line":277,"column":4},"end":{"line":277,"column":4}}]},"14":{"line":291,"type":"if","locations":[{"start":{"line":291,"column":8},"end":{"line":291,"column":8}},{"start":{"line":291,"column":8},"end":{"line":291,"column":8}}]},"15":{"line":299,"type":"if","locations":[{"start":{"line":299,"column":6},"end":{"line":299,"column":6}},{"start":{"line":299,"column":6},"end":{"line":299,"column":6}}]},"16":{"line":299,"type":"binary-expr","locations":[{"start":{"line":299,"column":10},"end":{"line":299,"column":36}},{"start":{"line":299,"column":40},"end":{"line":299,"column":58}}]},"17":{"line":348,"type":"if","locations":[{"start":{"line":348,"column":4},"end":{"line":348,"column":4}},{"start":{"line":348,"column":4},"end":{"line":348,"column":4}}]},"18":{"line":389,"type":"if","locations":[{"start":{"line":389,"column":6},"end":{"line":389,"column":6}},{"start":{"line":389,"column":6},"end":{"line":389,"column":6}}]},"19":{"line":398,"type":"if","locations":[{"start":{"line":398,"column":6},"end":{"line":398,"column":6}},{"start":{"line":398,"column":6},"end":{"line":398,"column":6}}]},"20":{"line":430,"type":"if","locations":[{"start":{"line":430,"column":8},"end":{"line":430,"column":8}},{"start":{"line":430,"column":8},"end":{"line":430,"column":8}}]},"21":{"line":430,"type":"binary-expr","locations":[{"start":{"line":430,"column":12},"end":{"line":430,"column":24}},{"start":{"line":430,"column":28},"end":{"line":430,"column":42}},{"start":{"line":430,"column":46},"end":{"line":430,"column":57}},{"start":{"line":430,"column":61},"end":{"line":430,"column":72}}]},"22":{"line":439,"type":"if","locations":[{"start":{"line":439,"column":8},"end":{"line":439,"column":8}},{"start":{"line":439,"column":8},"end":{"line":439,"column":8}}]},"23":{"line":440,"type":"binary-expr","locations":[{"start":{"line":440,"column":10},"end":{"line":440,"column":29}},{"start":{"line":442,"column":12},"end":{"line":442,"column":28}},{"start":{"line":443,"column":12},"end":{"line":443,"column":33}},{"start":{"line":444,"column":13},"end":{"line":444,"column":29}},{"start":{"line":444,"column":33},"end":{"line":444,"column":50}}]},"24":{"line":451,"type":"if","locations":[{"start":{"line":451,"column":8},"end":{"line":451,"column":8}},{"start":{"line":451,"column":8},"end":{"line":451,"column":8}}]},"25":{"line":451,"type":"binary-expr","locations":[{"start":{"line":451,"column":12},"end":{"line":451,"column":27}},{"start":{"line":451,"column":31},"end":{"line":451,"column":47}}]},"26":{"line":458,"type":"if","locations":[{"start":{"line":458,"column":8},"end":{"line":458,"column":8}},{"start":{"line":458,"column":8},"end":{"line":458,"column":8}}]},"27":{"line":458,"type":"binary-expr","locations":[{"start":{"line":458,"column":12},"end":{"line":458,"column":28}},{"start":{"line":458,"column":32},"end":{"line":458,"column":63}}]},"28":{"line":465,"type":"if","locations":[{"start":{"line":465,"column":8},"end":{"line":465,"column":8}},{"start":{"line":465,"column":8},"end":{"line":465,"column":8}}]},"29":{"line":465,"type":"binary-expr","locations":[{"start":{"line":465,"column":12},"end":{"line":465,"column":28}},{"start":{"line":465,"column":32},"end":{"line":465,"column":63}}]},"30":{"line":474,"type":"if","locations":[{"start":{"line":474,"column":8},"end":{"line":474,"column":8}},{"start":{"line":474,"column":8},"end":{"line":474,"column":8}}]},"31":{"line":474,"type":"binary-expr","locations":[{"start":{"line":474,"column":12},"end":{"line":474,"column":28}},{"start":{"line":474,"column":32},"end":{"line":474,"column":51}}]},"32":{"line":495,"type":"if","locations":[{"start":{"line":495,"column":8},"end":{"line":495,"column":8}},{"start":{"l
[...]
onymous_2)","line":16,"loc":{"start":{"line":16,"column":11},"end":{"line":16,"column":31}}},"3":{"name":"(anonymous_3)","line":21,"loc":{"start":{"line":21,"column":57},"end":{"line":21,"column":90}}},"4":{"name":"(anonymous_4)","line":39,"loc":{"start":{"line":39,"column":13},"end":{"line":39,"column":42}}},"5":{"name":"(anonymous_5)","line":58,"loc":{"start":{"line":58,"column":30},"end":{"line":58,"column":46}}},"6":{"name":"(anonymous_6)","line":65,"loc":{"start":{"line":65,"column":30},"end":{"line":65,"column":46}}},"7":{"name":"(anonymous_7)","line":69,"loc":{"start":{"line":69,"column":24},"end":{"line":69,"column":36}}},"8":{"name":"(anonymous_8)","line":74,"loc":{"start":{"line":74,"column":19},"end":{"line":74,"column":31}}}},"statementMap":{"1":{"start":{"line":9,"column":0},"end":{"line":9,"column":35}},"2":{"start":{"line":11,"column":0},"end":{"line":83,"column":4}},"3":{"start":{"line":12,"column":2},"end":{"line":82,"column":3}},"4":{"start":{"line":17,"column":6},"end":{"line":34,"column":7}},"5":{"start":{"line":18,"column":8},"end":{"line":18,"column":55}},"6":{"start":{"line":20,"column":8},"end":{"line":20,"column":51}},"7":{"start":{"line":21,"column":8},"end":{"line":31,"column":10}},"8":{"start":{"line":22,"column":10},"end":{"line":24,"column":11}},"9":{"start":{"line":23,"column":12},"end":{"line":23,"column":32}},"10":{"start":{"line":25,"column":10},"end":{"line":25,"column":51}},"11":{"start":{"line":26,"column":10},"end":{"line":30,"column":11}},"12":{"start":{"line":27,"column":12},"end":{"line":27,"column":51}},"13":{"start":{"line":29,"column":12},"end":{"line":29,"column":27}},"14":{"start":{"line":33,"column":8},"end":{"line":33,"column":23}},"15":{"start":{"line":40,"column":6},"end":{"line":40,"column":32}},"16":{"start":{"line":41,"column":6},"end":{"line":41,"column":21}},"17":{"start":{"line":42,"column":6},"end":{"line":42,"column":46}},"18":{"start":{"line":43,"column":6},"end":{"line":43,"column":21}},"19":{"start":{"line":44,"column":6},"end":{"line":44,"column":76}},"20":{"start":{"line":45,"column":6},"end":{"line":45,"column":21}},"21":{"start":{"line":47,"column":6},"end":{"line":47,"column":49}},"22":{"start":{"line":48,"column":6},"end":{"line":48,"column":33}},"23":{"start":{"line":50,"column":6},"end":{"line":54,"column":7}},"24":{"start":{"line":55,"column":6},"end":{"line":55,"column":37}},"25":{"start":{"line":57,"column":6},"end":{"line":57,"column":22}},"26":{"start":{"line":58,"column":6},"end":{"line":64,"column":8}},"27":{"start":{"line":59,"column":8},"end":{"line":59,"column":36}},"28":{"start":{"line":61,"column":8},"end":{"line":63,"column":9}},"29":{"start":{"line":62,"column":10},"end":{"line":62,"column":53}},"30":{"start":{"line":65,"column":6},"end":{"line":67,"column":8}},"31":{"start":{"line":66,"column":8},"end":{"line":66,"column":36}},"32":{"start":{"line":69,"column":6},"end":{"line":80,"column":8}},"33":{"start":{"line":70,"column":8},"end":{"line":72,"column":9}},"34":{"start":{"line":71,"column":10},"end":{"line":71,"column":36}},"35":{"start":{"line":73,"column":8},"end":{"line":73,"column":75}},"36":{"start":{"line":74,"column":8},"end":{"line":79,"column":16}},"37":{"start":{"line":75,"column":10},"end":{"line":77,"column":11}},"38":{"start":{"line":76,"column":12},"end":{"line":76,"column":32}},"39":{"start":{"line":78,"column":10},"end":{"line":78,"column":23}},"40":{"start":{"line":85,"column":0},"end":{"line":85,"column":24}}},"branchMap":{"1":{"line":22,"type":"if","locations":[{"start":{"line":22,"column":10},"end":{"line":22,"column":10}},{"start":{"line":22,"column":10},"end":{"line":22,"column":10}}]},"2":{"line":26,"type":"if","locations":[{"start":{"line":26,"column":10},"end":{"line":26,"column":10}},{"start":{"line":26,"column":10},"end":{"line":26,"column":10}}]},"3":{"line":61,"type":"if","locations":[{"start":{"line":61,"column":8},"end":{"line":61,"column":8}},{"start":{"line":61,"column":8},"end":{"line":61,"column":8}}]}},"code":["/**"," * npm package updater"," *"," * @copyright 2014 James HAll"," *"," * This will detect if a package needs and update,"," * and also update it"," */","var safeEval = require('safe-eval')","","var upgrade = (function () {","  return {","    /**","     * Should call the callback with a new version number, or false","     */","    check: function (callback) {","      try {","        var current = require('./package.json').version","","        var childProcess = require('child_process')","        childProcess.exec('npm --color=false info vtop', function (error, stdout, stderr) {","          if (error) {","            console.error(error)","          }","          var output = safeEval('(' + stdout + ')')","          if (output['dist-tags']['latest'] !== current) {","            callback(output['dist-tags']['latest'])","          } else {","            callback(false)","          }","        })","      } catch (e) {","        callback(false)","      }","    },","    /**","     * This will install the update and relaunch","     */","    install: function (packageName, vars) {","      var sudo = require('sudo')","      console.log('')","      console.log('Installing vtop update...')","      console.log('')","      console.log(' ** You will need to enter your password to upgrade ** ')","      console.log('')","","      var args = ['npm', 'install', '-g', 'vtop']","      console.log(args.join(' '))","","      var options = {","        cachePassword: false,","        prompt: 'Password:',","        spawnOptions: { stdio: 'inherit' }","      }","      var child = sudo(args, options)","","      var path = false","      child.stdout.on('data', function (data) {","        console.log(data.toString())","","        if (data.toString().indexOf('vtop.js') !== -1) {","          path = data.toString().trim().split(' ')[2]","        }","      })","      child.stderr.on('data', function (data) {","        console.log(data.toString())","      })","","      child.on('close', function () {","        for (var file in require.cache) {","          delete require.cache[file]","        }","        console.log('Finished updating. Clearing cache and relaunching...')","        setTimeout(function () {","          for (var v in vars) {","            process[v] = vars[v]","          }","          require(path)","        }, 1000)","      })","    }","  }","}())","","module.exports = upgrade",""],"l":{"9":1,"11":1,"12":1,"17":1,"18":1,"20":1,"21":1,"22":1,"23":0,"25":1,"26":1,"27":0,"29":1,"33":0,"40":0,"41":0,"42":0,"43":0,"44":0,"45":0,"47":0,"48":0,"50":0,"55":0,"57":0,"58":0,"59":0,"61":0,"62":0,"65":0,"66":0,"69":0,"70":0,"71":0,"73":0,"74":0,"75":0,"76":0,"78":0,"85":1}},"/home/travis/build/npmtest/node-npmtest-vtop/node_modules/vtop/sensors/cpu.js":{"path":"/home/travis/build/npmtest/node-npmtest-vtop/node_modules/vtop/sensors/cpu.js","s":{"1":1,"2":1,"3":1,"4":64,"5":59,"6":59,"7":1},"b":{},"f":{"1":64},"fnMap":{"1":{"name":"(anonymous_1)","line":32,"loc":{"start":{"line":32,"column":7},"end":{"line":32,"column":10}}}},"statementMap":{"1":{"start":{"line":7,"column":0},"end":{"line":7,"column":12}},"2":{"start":{"line":9,"column":0},"end":{"line":9,"column":30}},"3":{"start":{"line":10,"column":0},"end":{"line":38,"column":1}},"4":{"start":{"line":33,"column":4},"end":{"line":36,"column":6}},"5":{"start":{"line":34,"column":6},"end":{"line":34,"column":49}},"6":{"start":{"line":35,"column":6},"end":{"line":35,"column":31}},"7":{"start":{"line":40,"column":0},"end":{"line":40,"column":33}}},"branchMap":{},"code":["'use strict'","/**"," * CPU Usage sensor"," *"," * (c) 2014 James Hall"," */","'use strict'","","const os = require('os-utils')","const plugin = {","  /**","   * This appears in the title of the graph","   */","  title: 'CPU Usage',","  /**","   * The type of sensor","   * @type {String}","   */","  type: 'chart',","  /**","   * The default interval time in ms that this plugin should be polled.","   * More costly benchmarks should be polled less frequently.","   */","  interval: 200,","","  initialized: false,","","  currentValue: 0,","  /**","   * Grab the current value, from 0-100","   */","  poll () {","    os.cpuUsage(v => {","      plugin.currentValue = (Math.floor(v * 100))","      plugin.initialized = true","    })","  }","}","","module.exports = exports = plugin",""],"l":{"7":1,"9":1,"10":1,"33":64,"34":59,"35":59,"40":1}},"/home/travis/build/npmtest/node-npmtest-vtop/node_modules/vtop/sensors/memory.js":{"path":"/home/travis/build/npmtest/node-npmtest-vtop/node_modules/vtop/sensors/memory.js","s":{"1":1,"2":1,"3":1,"4":1,"5":63,"6":63,"7":63,"8":63,"9":63,"10":0,"11":63,"12":63,"13":63,"14":63,"15":0,"16":63,"17":1},"b":{"1":[63,0],"2":[0,63]},"f":{"1":63},"fnMap":{"1":{"name":"(anonymous_1)","line":37,"loc":{"start":{"line":37,"column":7},"end":{"line":37,"column":10}}}},"statementMap":{"1":{"start":{"line":8,"column":0},"end":{"line":8,"column":30}},"2":{"start":{"line":9,"column":0},"end":{"line":9,"column":25}},"3":{"start":{"line":10,"column":0},"end":{"line":10,"column":38}},"4":{"start":{"line":12,"column":0},"end":{"line":56,"column":1}},"5":{"start":{"line":38,"column":4},"end":{"line":38,"column":74}},"6":{"start":{"line":38,"column":42},"end":{"line":38,"column":74}},"7":{"start":{"line":40,"column":4},"end":{"line":52,"column":5}},"8":{"start":{"line":41,"column":6},"end":{"line":49,"column":8}},"9":{"start":{"line":42,"column":8},"end":{"line":44,"column":9}},"10":{"start":{"line":43,"column":10},"end":{"line":43,"column":28}},"11":{"start":{"line":45,"column":8},"end":{"line":45,"column":80}},"12":{"start":{"line":46,"column":8},"end":{"line":46,"column":42}},"13":{"start":{"line":47,"column":8},"end":{"line":47,"column":43}},"14":{"start":{"line":48,"column":8},"end":{"line":48,"column":55}},"15":{"start":{"line":51,"column":6},"end":{"line":51,"column":74}},"16":{"start":{"line":54,"column":4},"end":{"line":54,"column":29}},"17":{"start":{"line":58,"column":0},"end":{"line":58,"column":33}}},"branchMap":{"1":{"line":40,"type":"if","locations":[{"start":{"line":40,"column":4},"end":{"line":40,"column":4}},{"start":{"line":40,"column":4},"end":{"line":40,"column":4}}]},"2":{"line":42,"type":"if","locations":[{"start":{"line":42,"column":8},"end":{"line":42,"column":8}},{"start":{"line":42,"column":8},"end":{"line":42,"column":8}}]}},"code":["/**"," * Memory Usage sensor"," *"," * (c) 2014 James Hall"," */","'use strict'","","const os = require('os-utils')","const _os = require('os')","const child = require('child_process')","","const plugin = {","  /**","   * This appears in the title of the graph","   */","  title: 'Memory Usage',","  /**","   * The type of sensor","   * @type {String}","   */","  type: 'chart',","  /**","   * The default interval time in ms that this plugin should be polled.","   * More costly benchmarks should be polled less frequently.","   */","  interval: 200,","","  initialized: false,","","  currentValue: 0,","","  isLinux: _os.platform().includes('linux'),","","  /**","   * Grab the current value, from 0-100","   */","  poll () {","    const computeUsage = (used, total) => Math.round(100 * (used / total))","","    if (plugin.isLinux) {","      child.exec('free -m', (err, stdout, stderr) => {","        if (err) {","          console.error(err)","        }","        const data = stdout.split('\\n')[1].replace(/[\\s\\n\\r]+/g, ' ').split(' ')","        const used = parseInt(data[2], 10)","        const total = parseInt(data[1], 10)","        plugin.currentValue = computeUsage(used, total)","      })","    } else {","      plugin.currentValue = Math.round((1 - os.freememPercentage()) * 100)","    }","","    plugin.initialized = true","  }","}","","module.exports = exports = plugin",""],"l":{"8":1,"9":1,"10":1,"12":1,"38":63,"40":63,"41":63,"42":63,"43":0,"45":63,"46":63,"47":63,"48":63,"51":0,"54":63,"58":1}},"/home/travis/build/npmtest/node-npmtest-vtop/node_modules/vtop/sensors/process.js":{"path":"/home/travis/build/npmtest/node-npmtest-vtop/node_modules/vtop/sensors/process.js","s":{"1":1,"2":1,"3":1,"4":7,"5":7,"6":7,"7":0,"8":7,"9":7,"10":7,"11":1059,"12":1059,"13":1059,"14":1045,"15":1045,"16":1045,"17":1045,"18":1045,"19":0,"20":0,"21":1045,"22":1045,"23":1045,"24":549,"25":496,"26":7,"27":7,"28":496,"29":496,"30":496,"31":7,"32":703,"33":7,"34":7,"35":1},"b":{"1":[0,7],"2":[1045,14],"3":[1059,1059],"4":[0,1045],"5":[549,496]},"f":{"1":7},"fnMap":{"1":{"name":"(anonymous_1)","line":51,"loc":{"start":{"line":51,"column":7},"end":{"line":51,"column":10}}}},"statementMap":{"1":{"start":{"line":9,"column":0},"end":{"line":9,"column":24}},"2":{"start":{"line":10,"column":0},"end":{"line":10,"column":45}},"3":{"start":{"line":12,"column":0},"end":{"line":119,"column":1}},"4":{"start":{"line":52,"column":4},"end":{"line":52,"column":20}},"5":{"start":{"line":56,"column":4},"end":{"line":117,"column":6}},"6":{"start":{"line":57,"column":6},"end":{"line":59,"column":7}},"7":{"start":{"line":58,"column":8},"end":{"line":58,"column":28}},"8":{"start":{"line":60,"column":6},"end":{"line":60,"column":38}},"9":{"start":{"line":62,"column":6},"end":{"line":62,"column":19}},"10":{"start":{"line":63,"column":6},"end":{"line":98,"column":7}},"11":{"start":{"line":64,"column":8},"end":{"line":64,"column":65}},"12":{"start":{"line":65,"column":8},"end":{"line":65,"column":44}},"13":{"start":{"line":66,"column":8},"end":{"line":97,"column":9}},"14":{"start":{"line":67,"column":10},"end":{"line":67,"column":48}},"15":{"start":{"line":68,"column":10},"end":{"line":68,"column":48}},"16":{"start":{"line":69,"column":10},"end":{"line":69,"column":52}},"17":{"start":{"line":70,"column":10},"end":{"line":70,"column":46}},"18":{"start":{"line":72,"column":10},"end":{"line":80,"column":11}},"19":{"start":{"line":73,"column":12},"end":{"line":73,"column":34}},"20":{"start":{"line":74,"column":12},"end":{"line":74,"column":40}},"21":{"start":{"line":78,"column":12},"end":{"line":78,"column":34}},"22":{"start":{"line":79,"column":12},"end":{"line":79,"column":26}},"23":{"start":{"line":82,"column":10},"end":{"line":96,"column":11}},"24":{"start":{"line":83,"column":12},"end":{"line":88,"column":13}},"25":{"start":{"line":90,"column":12},"end":{"line":95,"column":13}},"26":{"start":{"line":99,"column":6},"end":{"line":99,"column":27}},"27":{"start":{"line":100,"column":6},"end":{"line":112,"column":7}},"28":{"start":{"line":102,"column":8},"end":{"line":102,"column":84}},"29":{"start":{"line":103,"column":8},"end":{"line":103,"column":65}},"30":{"start":{"line":104,"column":8},"end":{"line":111,"column":10}},"31":{"start":{"line":113,"column":6},"end":{"line":113,"column":88}},"32":{"start":{"line":113,"column":32},"end":{"line":113,"column":87}},"33":{"start":{"line":115,"column":6},"end":{"line":115,"column":38}},"34":{"start":{"line":116,"column":6},"end":{"line":116,"column":31}},"35":{"start":{"line":120,"column":0},"end":{"line":120,"column":33}}},"branchMap":{"1":{"line":57,"type":"if","locations":[{"start":{"line":57,"column":6},"end":{"line":57,"column":6}},{"start":{"line":57,"column":6},"end":{"line":57,"column":6}}]},"2":{"line":66,"type":"if","locations":[{"start":{"line":66,"column":8},"end":{"line":66,"column":8}},{"start":{"line":66,"column":8},"end":{"line":66,"column":8}}]},"3":{"line":66,"type":"binary-expr","locations":[{"start":{"line":66,"column":12},"end":{"line":66,"column":43}},{"start":{"line":66,"column":47},"end":{"line":66,"column":78}}]},"4":{"line":72,"type":"if","locations":[{"start":{"line":72,"column":10},"end":{"line":72,"column":10}},{"start":{"line":72,"column":10},"end":{"line":72,"column":10}}]},"5":{"line":82,"type":"if","locations":[{"start":{"line":82,"column":10},"end":{"line":82,"column":10}},{"start":{"line":82,"column":10},"end":{"line":82,"column":10}}]}},"code":["/**"," *"," * Process monitor sensor"," *"," * (c) 2014 James Hall"," */","'use strict'","","const os = require('os')","const childProcess = require('child_process')","","const plugin = {","  /**","   * * This appears in the title of the graph","   */","  title: 'Process List',","  description: `","    This returns a process list, grouped by executable name. CPU % is divided by the number of cores.","    100% CPU Usage is all cores being maxed out. Unlike other tools that define the maximum as 800% for 8 cores for example.`,","  /**","   * The type of sensor","   * @type {String}","   */","  type: 'table',","  /**","   * The default interval time in ms that this plugin should be polled.","   * More costly benchmarks should be polled less frequently.","   */","  interval: 2000,","","  initialized: false,","","  sort: 'cpu',","","  columns: ['Command', 'CPU %', 'Count', 'Memory %'],","  currentValue: [{","    'Command': 'Google Chrome',","    'Count': '4',","    'CPU %': '0.4',","    'Memory %': '1'","  }, {","    'Command': 'Sublime Text 2',","    'Count': '1',","    'CPU %': '0.1',","    'Memory': '5'","  }],","","  /**","   * Grab the current value for the table","   */","  poll () {","    const stats = {}","    // @todo If you can think of a better way of getting process stats,","    // then please feel free to send me a pull request. This is version 0.1","    // and needs some love.","    childProcess.exec('ps -ewwwo %cpu,%mem,comm', (error, stdout, stderr) => {","      if (error) {","        console.error(error)","      }","      const lines = stdout.split('\\n')","      // Ditch the first line","      lines[0] = ''","      for (const line in lines) {","        const currentLine = lines[line].trim().replace('  ', ' ')","        const words = currentLine.split(' ')","        if (typeof words[0] !== 'undefined' && typeof words[1] !== 'undefined') {","          const cpu = words[0].replace(',', '.')","          const mem = words[1].replace(',', '.')","          const offset = cpu.length + mem.length + 2","          let comm = currentLine.slice(offset)","          // If we're on Mac then remove the path","          if (/^darwin/.test(process.platform)) {","            comm = comm.split('/')","            comm = comm[comm.length - 1]","          } else {","            // Otherwise assume linux and remove the unnecessary /1 info like","            // you get on kworker","            comm = comm.split('/')","            comm = comm[0]","          }","          // If already exists, then add them together","          if (typeof stats[comm] !== 'undefined') {","            stats[comm] = {","              cpu: parseFloat(stats[comm].cpu, 10) + parseFloat(cpu),","              mem: parseFloat(stats[comm].mem, 10) + parseFloat(mem),","              comm,","              count: parseInt(stats[comm].count, 10) + 1","            }","          } else {","            stats[comm] = {","              cpu,","              mem,","              comm,","              count: 1","            }","          }","        }","      }","      const statsArray = []","      for (const stat in stats) {","        // Divide by number of CPU cores","        const cpuRounded = parseFloat(stats[stat].cpu / os.cpus().length).toFixed(1)","        const memRounded = parseFloat(stats[stat].mem).toFixed(1)","        statsArray.push({","          'Command': stats[stat].comm,","          'Count': stats[stat].count,","          'CPU %': cpuRounded,","          'Memory %': memRounded,","          'cpu': stats[stat].cpu,","          'mem': stats[stat].mem // exact cpu for comparison","        })","      }","      statsArray.sort((a, b) => parseFloat(b[plugin.sort]) - parseFloat(a[plugin.sort]))","","      plugin.currentValue = statsArray","      plugin.initialized = true","    })","  }","}","module.exports = exports = plugin",""],"l":{"9":1,"10":1,"12":1,"52":7,"56":7,"57":7,"58":0,"60":7,"62":7,"63":7,"64":1059,"65":1059,"66":1059,"67":1045,"68":1045,"69":1045,"70":1045,"72":1045,"73":0,"74":0,"78":1045,"79":1045,"82":1045,"83":549,"90":496,"99":7,"100":7,"102":496,"103":496,"104":496,"113":703,"115":7,"116":7,"120":1}}}